{"total": {"lines":{"total":386,"covered":251,"skipped":0,"pct":65.02},"statements":{"total":400,"covered":258,"skipped":0,"pct":64.5},"functions":{"total":114,"covered":69,"skipped":0,"pct":60.52},"branches":{"total":169,"covered":72,"skipped":0,"pct":42.6},"branchesTrue":{"total":0,"covered":0,"skipped":0,"pct":100}}
,"/home/coelho/Projetos-Trybe/Projetos-Frontend/sd-023-a-project-recipes-app/src/App.jsx": {"lines":{"total":1,"covered":1,"skipped":0,"pct":100},"functions":{"total":1,"covered":1,"skipped":0,"pct":100},"statements":{"total":1,"covered":1,"skipped":0,"pct":100},"branches":{"total":0,"covered":0,"skipped":0,"pct":100}}
,"/home/coelho/Projetos-Trybe/Projetos-Frontend/sd-023-a-project-recipes-app/src/components/ButtonsFavorite.jsx": {"lines":{"total":21,"covered":11,"skipped":0,"pct":52.38},"functions":{"total":6,"covered":3,"skipped":0,"pct":50},"statements":{"total":23,"covered":12,"skipped":0,"pct":52.17},"branches":{"total":6,"covered":2,"skipped":0,"pct":33.33}}
,"/home/coelho/Projetos-Trybe/Projetos-Frontend/sd-023-a-project-recipes-app/src/components/Card.jsx": {"lines":{"total":2,"covered":2,"skipped":0,"pct":100},"functions":{"total":1,"covered":1,"skipped":0,"pct":100},"statements":{"total":2,"covered":2,"skipped":0,"pct":100},"branches":{"total":0,"covered":0,"skipped":0,"pct":100}}
,"/home/coelho/Projetos-Trybe/Projetos-Frontend/sd-023-a-project-recipes-app/src/components/Footer.jsx": {"lines":{"total":1,"covered":1,"skipped":0,"pct":100},"functions":{"total":1,"covered":1,"skipped":0,"pct":100},"statements":{"total":1,"covered":1,"skipped":0,"pct":100},"branches":{"total":0,"covered":0,"skipped":0,"pct":100}}
,"/home/coelho/Projetos-Trybe/Projetos-Frontend/sd-023-a-project-recipes-app/src/components/Header.jsx": {"lines":{"total":18,"covered":17,"skipped":0,"pct":94.44},"functions":{"total":4,"covered":4,"skipped":0,"pct":100},"statements":{"total":18,"covered":17,"skipped":0,"pct":94.44},"branches":{"total":12,"covered":11,"skipped":0,"pct":91.66}}
,"/home/coelho/Projetos-Trybe/Projetos-Frontend/sd-023-a-project-recipes-app/src/components/Recipes.jsx": {"lines":{"total":2,"covered":2,"skipped":0,"pct":100},"functions":{"total":1,"covered":1,"skipped":0,"pct":100},"statements":{"total":2,"covered":2,"skipped":0,"pct":100},"branches":{"total":2,"covered":2,"skipped":0,"pct":100}}
,"/home/coelho/Projetos-Trybe/Projetos-Frontend/sd-023-a-project-recipes-app/src/components/SearchBar.jsx": {"lines":{"total":11,"covered":11,"skipped":0,"pct":100},"functions":{"total":3,"covered":3,"skipped":0,"pct":100},"statements":{"total":11,"covered":11,"skipped":0,"pct":100},"branches":{"total":4,"covered":3,"skipped":0,"pct":75}}
,"/home/coelho/Projetos-Trybe/Projetos-Frontend/sd-023-a-project-recipes-app/src/components/SuggestionCard.jsx": {"lines":{"total":2,"covered":1,"skipped":0,"pct":50},"functions":{"total":1,"covered":0,"skipped":0,"pct":0},"statements":{"total":2,"covered":1,"skipped":0,"pct":50},"branches":{"total":0,"covered":0,"skipped":0,"pct":100}}
,"/home/coelho/Projetos-Trybe/Projetos-Frontend/sd-023-a-project-recipes-app/src/helpers/mocksAll.js": {"lines":{"total":2,"covered":0,"skipped":0,"pct":0},"functions":{"total":0,"covered":0,"skipped":0,"pct":100},"statements":{"total":2,"covered":0,"skipped":0,"pct":0},"branches":{"total":0,"covered":0,"skipped":0,"pct":100}}
,"/home/coelho/Projetos-Trybe/Projetos-Frontend/sd-023-a-project-recipes-app/src/helpers/renderWithRouter.js": {"lines":{"total":3,"covered":3,"skipped":0,"pct":100},"functions":{"total":1,"covered":1,"skipped":0,"pct":100},"statements":{"total":3,"covered":3,"skipped":0,"pct":100},"branches":{"total":1,"covered":1,"skipped":0,"pct":100}}
,"/home/coelho/Projetos-Trybe/Projetos-Frontend/sd-023-a-project-recipes-app/src/pages/DoneRecipes.jsx": {"lines":{"total":23,"covered":10,"skipped":0,"pct":43.47},"functions":{"total":9,"covered":2,"skipped":0,"pct":22.22},"statements":{"total":23,"covered":10,"skipped":0,"pct":43.47},"branches":{"total":11,"covered":2,"skipped":0,"pct":18.18}}
,"/home/coelho/Projetos-Trybe/Projetos-Frontend/sd-023-a-project-recipes-app/src/pages/Drinks.jsx": {"lines":{"total":43,"covered":31,"skipped":0,"pct":72.09},"functions":{"total":12,"covered":9,"skipped":0,"pct":75},"statements":{"total":44,"covered":32,"skipped":0,"pct":72.72},"branches":{"total":20,"covered":14,"skipped":0,"pct":70}}
,"/home/coelho/Projetos-Trybe/Projetos-Frontend/sd-023-a-project-recipes-app/src/pages/FavoriteRecipes.jsx": {"lines":{"total":1,"covered":1,"skipped":0,"pct":100},"functions":{"total":1,"covered":1,"skipped":0,"pct":100},"statements":{"total":1,"covered":1,"skipped":0,"pct":100},"branches":{"total":0,"covered":0,"skipped":0,"pct":100}}
,"/home/coelho/Projetos-Trybe/Projetos-Frontend/sd-023-a-project-recipes-app/src/pages/Login.jsx": {"lines":{"total":5,"covered":5,"skipped":0,"pct":100},"functions":{"total":2,"covered":2,"skipped":0,"pct":100},"statements":{"total":5,"covered":5,"skipped":0,"pct":100},"branches":{"total":0,"covered":0,"skipped":0,"pct":100}}
,"/home/coelho/Projetos-Trybe/Projetos-Frontend/sd-023-a-project-recipes-app/src/pages/Meals.jsx": {"lines":{"total":42,"covered":31,"skipped":0,"pct":73.8},"functions":{"total":12,"covered":9,"skipped":0,"pct":75},"statements":{"total":43,"covered":32,"skipped":0,"pct":74.41},"branches":{"total":20,"covered":13,"skipped":0,"pct":65}}
,"/home/coelho/Projetos-Trybe/Projetos-Frontend/sd-023-a-project-recipes-app/src/pages/Profile.jsx": {"lines":{"total":11,"covered":11,"skipped":0,"pct":100},"functions":{"total":6,"covered":6,"skipped":0,"pct":100},"statements":{"total":12,"covered":12,"skipped":0,"pct":100},"branches":{"total":2,"covered":2,"skipped":0,"pct":100}}
,"/home/coelho/Projetos-Trybe/Projetos-Frontend/sd-023-a-project-recipes-app/src/pages/RecipeDetails.jsx": {"lines":{"total":55,"covered":30,"skipped":0,"pct":54.54},"functions":{"total":19,"covered":6,"skipped":0,"pct":31.57},"statements":{"total":60,"covered":30,"skipped":0,"pct":50},"branches":{"total":42,"covered":8,"skipped":0,"pct":19.04}}
,"/home/coelho/Projetos-Trybe/Projetos-Frontend/sd-023-a-project-recipes-app/src/pages/RecipeInProgress.jsx": {"lines":{"total":65,"covered":35,"skipped":0,"pct":53.84},"functions":{"total":18,"covered":8,"skipped":0,"pct":44.44},"statements":{"total":66,"covered":35,"skipped":0,"pct":53.03},"branches":{"total":49,"covered":14,"skipped":0,"pct":28.57}}
,"/home/coelho/Projetos-Trybe/Projetos-Frontend/sd-023-a-project-recipes-app/src/services/fetchById.js": {"lines":{"total":14,"covered":8,"skipped":0,"pct":57.14},"functions":{"total":2,"covered":1,"skipped":0,"pct":50},"statements":{"total":14,"covered":8,"skipped":0,"pct":57.14},"branches":{"total":0,"covered":0,"skipped":0,"pct":100}}
,"/home/coelho/Projetos-Trybe/Projetos-Frontend/sd-023-a-project-recipes-app/src/services/fetchCategories.js": {"lines":{"total":20,"covered":9,"skipped":0,"pct":45},"functions":{"total":3,"covered":1,"skipped":0,"pct":33.33},"statements":{"total":20,"covered":9,"skipped":0,"pct":45},"branches":{"total":0,"covered":0,"skipped":0,"pct":100}}
,"/home/coelho/Projetos-Trybe/Projetos-Frontend/sd-023-a-project-recipes-app/src/services/fetchDrinks.js": {"lines":{"total":21,"covered":14,"skipped":0,"pct":66.66},"functions":{"total":3,"covered":2,"skipped":0,"pct":66.66},"statements":{"total":21,"covered":14,"skipped":0,"pct":66.66},"branches":{"total":0,"covered":0,"skipped":0,"pct":100}}
,"/home/coelho/Projetos-Trybe/Projetos-Frontend/sd-023-a-project-recipes-app/src/services/fetchMeals.js": {"lines":{"total":9,"covered":9,"skipped":0,"pct":100},"functions":{"total":6,"covered":6,"skipped":0,"pct":100},"statements":{"total":12,"covered":12,"skipped":0,"pct":100},"branches":{"total":0,"covered":0,"skipped":0,"pct":100}}
,"/home/coelho/Projetos-Trybe/Projetos-Frontend/sd-023-a-project-recipes-app/src/services/fetchSuggestions.js": {"lines":{"total":14,"covered":8,"skipped":0,"pct":57.14},"functions":{"total":2,"covered":1,"skipped":0,"pct":50},"statements":{"total":14,"covered":8,"skipped":0,"pct":57.14},"branches":{"total":0,"covered":0,"skipped":0,"pct":100}}
}
