{"/home/coelho/Projetos-Trybe/Projetos-Frontend/sd-023-a-project-recipes-app/src/App.jsx": {"path":"/home/coelho/Projetos-Trybe/Projetos-Frontend/sd-023-a-project-recipes-app/src/App.jsx","statementMap":{"0":{"start":{"line":17,"column":2},"end":{"line":32,"column":4}}},"fnMap":{"0":{"name":"App","decl":{"start":{"line":16,"column":9},"end":{"line":16,"column":12}},"loc":{"start":{"line":16,"column":15},"end":{"line":33,"column":1}},"line":16}},"branchMap":{},"s":{"0":3},"f":{"0":3},"b":{},"_coverageSchema":"1a1c01bbd47fc00a2c39e90264f33305004495a9","hash":"a3ba12d96f2ba21ba24f65e46724b26099387d21"}
,"/home/coelho/Projetos-Trybe/Projetos-Frontend/sd-023-a-project-recipes-app/src/components/Card.jsx": {"path":"/home/coelho/Projetos-Trybe/Projetos-Frontend/sd-023-a-project-recipes-app/src/components/Card.jsx","statementMap":{"0":{"start":{"line":6,"column":2},"end":{"line":19,"column":4}},"1":{"start":{"line":24,"column":0},"end":{"line":30,"column":2}}},"fnMap":{"0":{"name":"Card","decl":{"start":{"line":5,"column":9},"end":{"line":5,"column":13}},"loc":{"start":{"line":5,"column":54},"end":{"line":20,"column":1}},"line":5}},"branchMap":{},"s":{"0":480,"1":1},"f":{"0":480},"b":{},"_coverageSchema":"1a1c01bbd47fc00a2c39e90264f33305004495a9","hash":"60c0d6d63bb4bc68ad89257e25ec7fe074eb0937"}
,"/home/coelho/Projetos-Trybe/Projetos-Frontend/sd-023-a-project-recipes-app/src/components/Footer.jsx": {"path":"/home/coelho/Projetos-Trybe/Projetos-Frontend/sd-023-a-project-recipes-app/src/components/Footer.jsx","statementMap":{"0":{"start":{"line":8,"column":2},"end":{"line":25,"column":4}}},"fnMap":{"0":{"name":"Footer","decl":{"start":{"line":7,"column":24},"end":{"line":7,"column":30}},"loc":{"start":{"line":7,"column":33},"end":{"line":26,"column":1}},"line":7}},"branchMap":{},"s":{"0":48},"f":{"0":48},"b":{},"_coverageSchema":"1a1c01bbd47fc00a2c39e90264f33305004495a9","hash":"6f6d2e12d605afa143d7dbe107a1534bd6b92f18"}
,"/home/coelho/Projetos-Trybe/Projetos-Frontend/sd-023-a-project-recipes-app/src/components/Header.jsx": {"path":"/home/coelho/Projetos-Trybe/Projetos-Frontend/sd-023-a-project-recipes-app/src/components/Header.jsx","statementMap":{"0":{"start":{"line":8,"column":18},"end":{"line":8,"column":30}},"1":{"start":{"line":9,"column":30},"end":{"line":9,"column":44}},"2":{"start":{"line":11,"column":21},"end":{"line":25,"column":3}},"3":{"start":{"line":12,"column":4},"end":{"line":24,"column":5}},"4":{"start":{"line":14,"column":6},"end":{"line":14,"column":55}},"5":{"start":{"line":16,"column":6},"end":{"line":16,"column":56}},"6":{"start":{"line":18,"column":6},"end":{"line":18,"column":57}},"7":{"start":{"line":20,"column":6},"end":{"line":20,"column":62}},"8":{"start":{"line":22,"column":6},"end":{"line":22,"column":66}},"9":{"start":{"line":23,"column":13},"end":{"line":23,"column":32}},"10":{"start":{"line":27,"column":23},"end":{"line":47,"column":3}},"11":{"start":{"line":28,"column":4},"end":{"line":46,"column":5}},"12":{"start":{"line":30,"column":6},"end":{"line":30,"column":18}},"13":{"start":{"line":32,"column":6},"end":{"line":32,"column":18}},"14":{"start":{"line":34,"column":6},"end":{"line":34,"column":18}},"15":{"start":{"line":36,"column":6},"end":{"line":45,"column":8}},"16":{"start":{"line":41,"column":26},"end":{"line":41,"column":44}},"17":{"start":{"line":49,"column":2},"end":{"line":63,"column":4}}},"fnMap":{"0":{"name":"Header","decl":{"start":{"line":7,"column":24},"end":{"line":7,"column":30}},"loc":{"start":{"line":7,"column":33},"end":{"line":64,"column":1}},"line":7},"1":{"name":"(anonymous_1)","decl":{"start":{"line":11,"column":21},"end":{"line":11,"column":22}},"loc":{"start":{"line":11,"column":27},"end":{"line":25,"column":3}},"line":11},"2":{"name":"(anonymous_2)","decl":{"start":{"line":27,"column":23},"end":{"line":27,"column":24}},"loc":{"start":{"line":27,"column":29},"end":{"line":47,"column":3}},"line":27},"3":{"name":"(anonymous_3)","decl":{"start":{"line":41,"column":20},"end":{"line":41,"column":21}},"loc":{"start":{"line":41,"column":26},"end":{"line":41,"column":44}},"line":41}},"branchMap":{"0":{"loc":{"start":{"line":12,"column":4},"end":{"line":24,"column":5}},"type":"switch","locations":[{"start":{"line":13,"column":4},"end":{"line":14,"column":55}},{"start":{"line":15,"column":4},"end":{"line":16,"column":56}},{"start":{"line":17,"column":4},"end":{"line":18,"column":57}},{"start":{"line":19,"column":4},"end":{"line":20,"column":62}},{"start":{"line":21,"column":4},"end":{"line":22,"column":66}},{"start":{"line":23,"column":4},"end":{"line":23,"column":32}}],"line":12},"1":{"loc":{"start":{"line":28,"column":4},"end":{"line":46,"column":5}},"type":"switch","locations":[{"start":{"line":29,"column":4},"end":{"line":30,"column":18}},{"start":{"line":31,"column":4},"end":{"line":32,"column":18}},{"start":{"line":33,"column":4},"end":{"line":34,"column":18}},{"start":{"line":35,"column":4},"end":{"line":45,"column":8}}],"line":28},"2":{"loc":{"start":{"line":53,"column":7},"end":{"line":54,"column":24}},"type":"binary-expr","locations":[{"start":{"line":53,"column":7},"end":{"line":53,"column":14}},{"start":{"line":54,"column":11},"end":{"line":54,"column":24}}],"line":53}},"s":{"0":48,"1":48,"2":48,"3":48,"4":25,"5":23,"6":0,"7":0,"8":0,"9":0,"10":48,"11":48,"12":0,"13":0,"14":0,"15":48,"16":2,"17":48},"f":{"0":48,"1":48,"2":48,"3":2},"b":{"0":[25,23,0,0,0,0],"1":[0,0,0,48],"2":[48,36]},"_coverageSchema":"1a1c01bbd47fc00a2c39e90264f33305004495a9","hash":"028460dc50b4178596aa03b748c3501fffe092ff"}
,"/home/coelho/Projetos-Trybe/Projetos-Frontend/sd-023-a-project-recipes-app/src/components/Recipes.jsx": {"path":"/home/coelho/Projetos-Trybe/Projetos-Frontend/sd-023-a-project-recipes-app/src/components/Recipes.jsx","statementMap":{"0":{"start":{"line":6,"column":18},"end":{"line":6,"column":30}},"1":{"start":{"line":7,"column":2},"end":{"line":16,"column":4}}},"fnMap":{"0":{"name":"Recipes","decl":{"start":{"line":5,"column":24},"end":{"line":5,"column":31}},"loc":{"start":{"line":5,"column":34},"end":{"line":17,"column":1}},"line":5}},"branchMap":{"0":{"loc":{"start":{"line":9,"column":7},"end":{"line":14,"column":9}},"type":"cond-expr","locations":[{"start":{"line":11,"column":10},"end":{"line":11,"column":20}},{"start":{"line":13,"column":10},"end":{"line":13,"column":19}}],"line":9}},"s":{"0":7,"1":6},"f":{"0":7},"b":{"0":[3,3]},"_coverageSchema":"1a1c01bbd47fc00a2c39e90264f33305004495a9","hash":"b25fb715d117095ca8a21929da2e80b0bc6ef7df"}
,"/home/coelho/Projetos-Trybe/Projetos-Frontend/sd-023-a-project-recipes-app/src/components/SearchBar.jsx": {"path":"/home/coelho/Projetos-Trybe/Projetos-Frontend/sd-023-a-project-recipes-app/src/components/SearchBar.jsx","statementMap":{"0":{"start":{"line":6,"column":18},"end":{"line":6,"column":30}},"1":{"start":{"line":13,"column":6},"end":{"line":13,"column":32}},"2":{"start":{"line":14,"column":28},"end":{"line":18,"column":3}},"3":{"start":{"line":15,"column":4},"end":{"line":17,"column":7}},"4":{"start":{"line":19,"column":28},"end":{"line":26,"column":3}},"5":{"start":{"line":20,"column":4},"end":{"line":25,"column":5}},"6":{"start":{"line":21,"column":6},"end":{"line":21,"column":31}},"7":{"start":{"line":22,"column":11},"end":{"line":25,"column":5}},"8":{"start":{"line":23,"column":6},"end":{"line":23,"column":45}},"9":{"start":{"line":24,"column":6},"end":{"line":24,"column":30}},"10":{"start":{"line":28,"column":2},"end":{"line":79,"column":4}}},"fnMap":{"0":{"name":"SearchBar","decl":{"start":{"line":5,"column":24},"end":{"line":5,"column":33}},"loc":{"start":{"line":5,"column":36},"end":{"line":80,"column":1}},"line":5},"1":{"name":"(anonymous_1)","decl":{"start":{"line":14,"column":28},"end":{"line":14,"column":29}},"loc":{"start":{"line":14,"column":55},"end":{"line":18,"column":3}},"line":14},"2":{"name":"(anonymous_2)","decl":{"start":{"line":19,"column":28},"end":{"line":19,"column":29}},"loc":{"start":{"line":19,"column":34},"end":{"line":26,"column":3}},"line":19}},"branchMap":{"0":{"loc":{"start":{"line":20,"column":4},"end":{"line":25,"column":5}},"type":"if","locations":[{"start":{"line":20,"column":4},"end":{"line":25,"column":5}},{"start":{"line":22,"column":11},"end":{"line":25,"column":5}}],"line":20},"1":{"loc":{"start":{"line":22,"column":11},"end":{"line":25,"column":5}},"type":"if","locations":[{"start":{"line":22,"column":11},"end":{"line":25,"column":5}},{"start":{},"end":{}}],"line":22}},"s":{"0":36,"1":36,"2":36,"3":6,"4":36,"5":8,"6":4,"7":4,"8":4,"9":4,"10":36},"f":{"0":36,"1":6,"2":8},"b":{"0":[4,4],"1":[4,0]},"_coverageSchema":"1a1c01bbd47fc00a2c39e90264f33305004495a9","hash":"aba8ffd59e9888fab7c0c9dbbafc9f240bd81fd0"}
,"/home/coelho/Projetos-Trybe/Projetos-Frontend/sd-023-a-project-recipes-app/src/components/SuggestionCard.jsx": {"path":"/home/coelho/Projetos-Trybe/Projetos-Frontend/sd-023-a-project-recipes-app/src/components/SuggestionCard.jsx","statementMap":{"0":{"start":{"line":5,"column":2},"end":{"line":11,"column":4}},"1":{"start":{"line":14,"column":0},"end":{"line":17,"column":2}}},"fnMap":{"0":{"name":"SuggestionCard","decl":{"start":{"line":4,"column":24},"end":{"line":4,"column":38}},"loc":{"start":{"line":4,"column":56},"end":{"line":12,"column":1}},"line":4}},"branchMap":{},"s":{"0":0,"1":1},"f":{"0":0},"b":{},"_coverageSchema":"1a1c01bbd47fc00a2c39e90264f33305004495a9","hash":"4dacec94bd45f57957c1cb3347b892f65bc19438"}
,"/home/coelho/Projetos-Trybe/Projetos-Frontend/sd-023-a-project-recipes-app/src/helpers/mocksAll.js": {"path":"/home/coelho/Projetos-Trybe/Projetos-Frontend/sd-023-a-project-recipes-app/src/helpers/mocksAll.js","statementMap":{"0":{"start":{"line":1,"column":22},"end":{"line":63,"column":1}},"1":{"start":{"line":65,"column":21},"end":{"line":123,"column":1}}},"fnMap":{},"branchMap":{},"s":{"0":0,"1":0},"f":{},"b":{}}
,"/home/coelho/Projetos-Trybe/Projetos-Frontend/sd-023-a-project-recipes-app/src/helpers/renderWithRouter.js": {"path":"/home/coelho/Projetos-Trybe/Projetos-Frontend/sd-023-a-project-recipes-app/src/helpers/renderWithRouter.js","statementMap":{"0":{"start":{"line":6,"column":25},"end":{"line":11,"column":1}},"1":{"start":{"line":7,"column":18},"end":{"line":7,"column":66}},"2":{"start":{"line":8,"column":2},"end":{"line":10,"column":5}}},"fnMap":{"0":{"name":"(anonymous_0)","decl":{"start":{"line":6,"column":25},"end":{"line":6,"column":26}},"loc":{"start":{"line":6,"column":53},"end":{"line":11,"column":1}},"line":6}},"branchMap":{"0":{"loc":{"start":{"line":6,"column":37},"end":{"line":6,"column":48}},"type":"default-arg","locations":[{"start":{"line":6,"column":45},"end":{"line":6,"column":48}}],"line":6}},"s":{"0":1,"1":2,"2":2},"f":{"0":2},"b":{"0":[0]},"_coverageSchema":"1a1c01bbd47fc00a2c39e90264f33305004495a9","hash":"b74d5ba4be2680ef95ab2fe0feba01326ea4e660"}
,"/home/coelho/Projetos-Trybe/Projetos-Frontend/sd-023-a-project-recipes-app/src/pages/DoneRecipes.jsx": {"path":"/home/coelho/Projetos-Trybe/Projetos-Frontend/sd-023-a-project-recipes-app/src/pages/DoneRecipes.jsx","statementMap":{"0":{"start":{"line":10,"column":27},"end":{"line":10,"column":62}},"1":{"start":{"line":16,"column":2},"end":{"line":16,"column":31}},"2":{"start":{"line":17,"column":2},"end":{"line":52,"column":4}},"3":{"start":{"line":27,"column":12},"end":{"line":46,"column":18}},"4":{"start":{"line":55,"column":0},"end":{"line":61,"column":13}}},"fnMap":{"0":{"name":"DoneRecipes","decl":{"start":{"line":7,"column":24},"end":{"line":7,"column":35}},"loc":{"start":{"line":7,"column":67},"end":{"line":53,"column":1}},"line":7},"1":{"name":"(anonymous_1)","decl":{"start":{"line":26,"column":32},"end":{"line":26,"column":33}},"loc":{"start":{"line":27,"column":12},"end":{"line":46,"column":18}},"line":27}},"branchMap":{},"s":{"0":0,"1":0,"2":0,"3":0,"4":1},"f":{"0":0,"1":0},"b":{},"_coverageSchema":"1a1c01bbd47fc00a2c39e90264f33305004495a9","hash":"773ffb39521bfb369b4c41a1dbf06083fdb3bc78"}
,"/home/coelho/Projetos-Trybe/Projetos-Frontend/sd-023-a-project-recipes-app/src/pages/Drinks.jsx": {"path":"/home/coelho/Projetos-Trybe/Projetos-Frontend/sd-023-a-project-recipes-app/src/pages/Drinks.jsx","statementMap":{"0":{"start":{"line":11,"column":18},"end":{"line":11,"column":30}},"1":{"start":{"line":12,"column":38},"end":{"line":12,"column":64}},"2":{"start":{"line":13,"column":48},"end":{"line":13,"column":60}},"3":{"start":{"line":14,"column":42},"end":{"line":17,"column":4}},"4":{"start":{"line":18,"column":21},"end":{"line":18,"column":25}},"5":{"start":{"line":19,"column":19},"end":{"line":19,"column":21}},"6":{"start":{"line":20,"column":24},"end":{"line":20,"column":26}},"7":{"start":{"line":21,"column":29},"end":{"line":21,"column":31}},"8":{"start":{"line":22,"column":24},"end":{"line":22,"column":25}},"9":{"start":{"line":24,"column":25},"end":{"line":31,"column":3}},"10":{"start":{"line":25,"column":20},"end":{"line":25,"column":41}},"11":{"start":{"line":26,"column":4},"end":{"line":30,"column":7}},"12":{"start":{"line":27,"column":6},"end":{"line":29,"column":9}},"13":{"start":{"line":33,"column":30},"end":{"line":60,"column":3}},"14":{"start":{"line":34,"column":4},"end":{"line":59,"column":5}},"15":{"start":{"line":35,"column":6},"end":{"line":35,"column":23}},"16":{"start":{"line":36,"column":6},"end":{"line":40,"column":21}},"17":{"start":{"line":37,"column":8},"end":{"line":39,"column":11}},"18":{"start":{"line":41,"column":11},"end":{"line":59,"column":5}},"19":{"start":{"line":42,"column":6},"end":{"line":42,"column":23}},"20":{"start":{"line":43,"column":6},"end":{"line":48,"column":21}},"21":{"start":{"line":44,"column":8},"end":{"line":47,"column":11}},"22":{"start":{"line":50,"column":22},"end":{"line":50,"column":56}},"23":{"start":{"line":51,"column":6},"end":{"line":54,"column":9}},"24":{"start":{"line":55,"column":6},"end":{"line":55,"column":34}},"25":{"start":{"line":56,"column":6},"end":{"line":58,"column":9}},"26":{"start":{"line":61,"column":2},"end":{"line":70,"column":9}},"27":{"start":{"line":62,"column":22},"end":{"line":68,"column":5}},"28":{"start":{"line":63,"column":18},"end":{"line":63,"column":79}},"29":{"start":{"line":64,"column":19},"end":{"line":64,"column":45}},"30":{"start":{"line":65,"column":6},"end":{"line":67,"column":8}},"31":{"start":{"line":69,"column":4},"end":{"line":69,"column":16}},"32":{"start":{"line":72,"column":2},"end":{"line":79,"column":3}},"33":{"start":{"line":73,"column":4},"end":{"line":77,"column":7}},"34":{"start":{"line":74,"column":6},"end":{"line":76,"column":7}},"35":{"start":{"line":75,"column":8},"end":{"line":75,"column":50}},"36":{"start":{"line":78,"column":4},"end":{"line":78,"column":35}},"37":{"start":{"line":81,"column":2},"end":{"line":85,"column":3}},"38":{"start":{"line":82,"column":4},"end":{"line":84,"column":7}},"39":{"start":{"line":83,"column":6},"end":{"line":83,"column":49}},"40":{"start":{"line":83,"column":24},"end":{"line":83,"column":49}},"41":{"start":{"line":87,"column":2},"end":{"line":117,"column":4}},"42":{"start":{"line":91,"column":8},"end":{"line":99,"column":17}},"43":{"start":{"line":107,"column":10},"end":{"line":114,"column":12}}},"fnMap":{"0":{"name":"Drinks","decl":{"start":{"line":10,"column":24},"end":{"line":10,"column":30}},"loc":{"start":{"line":10,"column":33},"end":{"line":118,"column":1}},"line":10},"1":{"name":"(anonymous_1)","decl":{"start":{"line":24,"column":25},"end":{"line":24,"column":26}},"loc":{"start":{"line":24,"column":31},"end":{"line":31,"column":3}},"line":24},"2":{"name":"(anonymous_2)","decl":{"start":{"line":26,"column":17},"end":{"line":26,"column":18}},"loc":{"start":{"line":26,"column":27},"end":{"line":30,"column":5}},"line":26},"3":{"name":"(anonymous_3)","decl":{"start":{"line":33,"column":30},"end":{"line":33,"column":31}},"loc":{"start":{"line":33,"column":63},"end":{"line":60,"column":3}},"line":33},"4":{"name":"(anonymous_4)","decl":{"start":{"line":36,"column":17},"end":{"line":36,"column":18}},"loc":{"start":{"line":36,"column":23},"end":{"line":40,"column":7}},"line":36},"5":{"name":"(anonymous_5)","decl":{"start":{"line":43,"column":17},"end":{"line":43,"column":18}},"loc":{"start":{"line":43,"column":23},"end":{"line":48,"column":7}},"line":43},"6":{"name":"(anonymous_6)","decl":{"start":{"line":61,"column":12},"end":{"line":61,"column":13}},"loc":{"start":{"line":61,"column":18},"end":{"line":70,"column":3}},"line":61},"7":{"name":"(anonymous_7)","decl":{"start":{"line":62,"column":22},"end":{"line":62,"column":23}},"loc":{"start":{"line":62,"column":34},"end":{"line":68,"column":5}},"line":62},"8":{"name":"(anonymous_8)","decl":{"start":{"line":73,"column":28},"end":{"line":73,"column":29}},"loc":{"start":{"line":73,"column":41},"end":{"line":77,"column":5}},"line":73},"9":{"name":"(anonymous_9)","decl":{"start":{"line":82,"column":22},"end":{"line":82,"column":23}},"loc":{"start":{"line":82,"column":35},"end":{"line":84,"column":5}},"line":82},"10":{"name":"(anonymous_10)","decl":{"start":{"line":90,"column":63},"end":{"line":90,"column":64}},"loc":{"start":{"line":91,"column":8},"end":{"line":99,"column":17}},"line":91},"11":{"name":"(anonymous_11)","decl":{"start":{"line":106,"column":28},"end":{"line":106,"column":29}},"loc":{"start":{"line":107,"column":10},"end":{"line":114,"column":12}},"line":107}},"branchMap":{"0":{"loc":{"start":{"line":34,"column":4},"end":{"line":59,"column":5}},"type":"if","locations":[{"start":{"line":34,"column":4},"end":{"line":59,"column":5}},{"start":{"line":41,"column":11},"end":{"line":59,"column":5}}],"line":34},"1":{"loc":{"start":{"line":41,"column":11},"end":{"line":59,"column":5}},"type":"if","locations":[{"start":{"line":41,"column":11},"end":{"line":59,"column":5}},{"start":{"line":49,"column":11},"end":{"line":59,"column":5}}],"line":41},"2":{"loc":{"start":{"line":72,"column":2},"end":{"line":79,"column":3}},"type":"if","locations":[{"start":{"line":72,"column":2},"end":{"line":79,"column":3}},{"start":{},"end":{}}],"line":72},"3":{"loc":{"start":{"line":74,"column":6},"end":{"line":76,"column":7}},"type":"if","locations":[{"start":{"line":74,"column":6},"end":{"line":76,"column":7}},{"start":{},"end":{}}],"line":74},"4":{"loc":{"start":{"line":81,"column":2},"end":{"line":85,"column":3}},"type":"if","locations":[{"start":{"line":81,"column":2},"end":{"line":85,"column":3}},{"start":{},"end":{}}],"line":81},"5":{"loc":{"start":{"line":83,"column":6},"end":{"line":83,"column":49}},"type":"if","locations":[{"start":{"line":83,"column":6},"end":{"line":83,"column":49}},{"start":{},"end":{}}],"line":83},"6":{"loc":{"start":{"line":90,"column":7},"end":{"line":100,"column":8}},"type":"binary-expr","locations":[{"start":{"line":90,"column":7},"end":{"line":90,"column":36}},{"start":{"line":90,"column":40},"end":{"line":100,"column":8}}],"line":90},"7":{"loc":{"start":{"line":102,"column":7},"end":{"line":102,"column":49}},"type":"binary-expr","locations":[{"start":{"line":102,"column":7},"end":{"line":102,"column":29}},{"start":{"line":102,"column":33},"end":{"line":102,"column":49}}],"line":102},"8":{"loc":{"start":{"line":104,"column":7},"end":{"line":114,"column":14}},"type":"cond-expr","locations":[{"start":{"line":105,"column":10},"end":{"line":105,"column":61}},{"start":{"line":106,"column":10},"end":{"line":114,"column":14}}],"line":104},"9":{"loc":{"start":{"line":104,"column":7},"end":{"line":104,"column":57}},"type":"binary-expr","locations":[{"start":{"line":104,"column":7},"end":{"line":104,"column":33}},{"start":{"line":104,"column":37},"end":{"line":104,"column":57}}],"line":104}},"s":{"0":26,"1":25,"2":25,"3":25,"4":25,"5":25,"6":25,"7":25,"8":25,"9":25,"10":4,"11":4,"12":4,"13":25,"14":0,"15":0,"16":0,"17":0,"18":0,"19":0,"20":0,"21":0,"22":0,"23":0,"24":0,"25":0,"26":25,"27":2,"28":2,"29":2,"30":2,"31":2,"32":25,"33":18,"34":450,"35":90,"36":18,"37":23,"38":19,"39":475,"40":228,"41":23,"42":108,"43":228},"f":{"0":26,"1":4,"2":4,"3":0,"4":0,"5":0,"6":2,"7":2,"8":450,"9":475,"10":108,"11":228},"b":{"0":[0,0],"1":[0,0],"2":[18,5],"3":[90,360],"4":[19,4],"5":[228,247],"6":[23,18],"7":[23,4],"8":[0,23],"9":[23,0]},"_coverageSchema":"1a1c01bbd47fc00a2c39e90264f33305004495a9","hash":"453a3e8c76bb43b98ad208cd16ebbe8e060e1dbf"}
,"/home/coelho/Projetos-Trybe/Projetos-Frontend/sd-023-a-project-recipes-app/src/pages/FavoriteRecipes.jsx": {"path":"/home/coelho/Projetos-Trybe/Projetos-Frontend/sd-023-a-project-recipes-app/src/pages/FavoriteRecipes.jsx","statementMap":{"0":{"start":{"line":5,"column":2},"end":{"line":9,"column":4}}},"fnMap":{"0":{"name":"FavoriteRecipes","decl":{"start":{"line":4,"column":24},"end":{"line":4,"column":39}},"loc":{"start":{"line":4,"column":42},"end":{"line":10,"column":1}},"line":4}},"branchMap":{},"s":{"0":0},"f":{"0":0},"b":{},"_coverageSchema":"1a1c01bbd47fc00a2c39e90264f33305004495a9","hash":"305e0d5f9993b03f88925f97b7a02137b1f4be18"}
,"/home/coelho/Projetos-Trybe/Projetos-Frontend/sd-023-a-project-recipes-app/src/pages/Login.jsx": {"path":"/home/coelho/Projetos-Trybe/Projetos-Frontend/sd-023-a-project-recipes-app/src/pages/Login.jsx","statementMap":{"0":{"start":{"line":11,"column":6},"end":{"line":11,"column":32}},"1":{"start":{"line":13,"column":2},"end":{"line":49,"column":4}},"2":{"start":{"line":42,"column":10},"end":{"line":42,"column":29}},"3":{"start":{"line":43,"column":10},"end":{"line":43,"column":33}},"4":{"start":{"line":52,"column":0},"end":{"line":56,"column":2}}},"fnMap":{"0":{"name":"Login","decl":{"start":{"line":5,"column":24},"end":{"line":5,"column":29}},"loc":{"start":{"line":5,"column":43},"end":{"line":50,"column":1}},"line":5},"1":{"name":"(anonymous_1)","decl":{"start":{"line":41,"column":18},"end":{"line":41,"column":19}},"loc":{"start":{"line":41,"column":24},"end":{"line":44,"column":9}},"line":41}},"branchMap":{},"s":{"0":0,"1":0,"2":0,"3":0,"4":1},"f":{"0":0,"1":0},"b":{},"_coverageSchema":"1a1c01bbd47fc00a2c39e90264f33305004495a9","hash":"9d6e9cf80024941c7157facf7792b9a2687b83fe"}
,"/home/coelho/Projetos-Trybe/Projetos-Frontend/sd-023-a-project-recipes-app/src/pages/Meals.jsx": {"path":"/home/coelho/Projetos-Trybe/Projetos-Frontend/sd-023-a-project-recipes-app/src/pages/Meals.jsx","statementMap":{"0":{"start":{"line":11,"column":18},"end":{"line":11,"column":30}},"1":{"start":{"line":12,"column":38},"end":{"line":12,"column":64}},"2":{"start":{"line":13,"column":48},"end":{"line":13,"column":60}},"3":{"start":{"line":14,"column":42},"end":{"line":17,"column":4}},"4":{"start":{"line":18,"column":28},"end":{"line":18,"column":30}},"5":{"start":{"line":19,"column":19},"end":{"line":19,"column":21}},"6":{"start":{"line":20,"column":24},"end":{"line":20,"column":25}},"7":{"start":{"line":21,"column":29},"end":{"line":21,"column":31}},"8":{"start":{"line":22,"column":21},"end":{"line":22,"column":25}},"9":{"start":{"line":24,"column":24},"end":{"line":31,"column":3}},"10":{"start":{"line":25,"column":20},"end":{"line":25,"column":40}},"11":{"start":{"line":26,"column":4},"end":{"line":30,"column":7}},"12":{"start":{"line":27,"column":6},"end":{"line":29,"column":9}},"13":{"start":{"line":33,"column":29},"end":{"line":59,"column":3}},"14":{"start":{"line":34,"column":4},"end":{"line":58,"column":5}},"15":{"start":{"line":35,"column":6},"end":{"line":35,"column":22}},"16":{"start":{"line":36,"column":6},"end":{"line":40,"column":21}},"17":{"start":{"line":37,"column":8},"end":{"line":39,"column":11}},"18":{"start":{"line":41,"column":11},"end":{"line":58,"column":5}},"19":{"start":{"line":42,"column":6},"end":{"line":42,"column":22}},"20":{"start":{"line":43,"column":6},"end":{"line":48,"column":21}},"21":{"start":{"line":44,"column":8},"end":{"line":47,"column":11}},"22":{"start":{"line":50,"column":22},"end":{"line":50,"column":55}},"23":{"start":{"line":51,"column":6},"end":{"line":54,"column":9}},"24":{"start":{"line":55,"column":6},"end":{"line":57,"column":9}},"25":{"start":{"line":61,"column":2},"end":{"line":68,"column":3}},"26":{"start":{"line":62,"column":4},"end":{"line":66,"column":7}},"27":{"start":{"line":63,"column":6},"end":{"line":65,"column":7}},"28":{"start":{"line":64,"column":8},"end":{"line":64,"column":50}},"29":{"start":{"line":67,"column":4},"end":{"line":67,"column":35}},"30":{"start":{"line":70,"column":2},"end":{"line":74,"column":3}},"31":{"start":{"line":71,"column":4},"end":{"line":73,"column":7}},"32":{"start":{"line":72,"column":6},"end":{"line":72,"column":53}},"33":{"start":{"line":72,"column":24},"end":{"line":72,"column":53}},"34":{"start":{"line":76,"column":2},"end":{"line":85,"column":9}},"35":{"start":{"line":77,"column":22},"end":{"line":83,"column":5}},"36":{"start":{"line":78,"column":18},"end":{"line":78,"column":75}},"37":{"start":{"line":79,"column":19},"end":{"line":79,"column":45}},"38":{"start":{"line":80,"column":6},"end":{"line":82,"column":8}},"39":{"start":{"line":84,"column":4},"end":{"line":84,"column":16}},"40":{"start":{"line":87,"column":2},"end":{"line":121,"column":4}},"41":{"start":{"line":92,"column":10},"end":{"line":100,"column":19}},"42":{"start":{"line":110,"column":12},"end":{"line":117,"column":14}}},"fnMap":{"0":{"name":"Meals","decl":{"start":{"line":10,"column":24},"end":{"line":10,"column":29}},"loc":{"start":{"line":10,"column":32},"end":{"line":122,"column":1}},"line":10},"1":{"name":"(anonymous_1)","decl":{"start":{"line":24,"column":24},"end":{"line":24,"column":25}},"loc":{"start":{"line":24,"column":30},"end":{"line":31,"column":3}},"line":24},"2":{"name":"(anonymous_2)","decl":{"start":{"line":26,"column":17},"end":{"line":26,"column":18}},"loc":{"start":{"line":26,"column":27},"end":{"line":30,"column":5}},"line":26},"3":{"name":"(anonymous_3)","decl":{"start":{"line":33,"column":29},"end":{"line":33,"column":30}},"loc":{"start":{"line":33,"column":62},"end":{"line":59,"column":3}},"line":33},"4":{"name":"(anonymous_4)","decl":{"start":{"line":36,"column":17},"end":{"line":36,"column":18}},"loc":{"start":{"line":36,"column":23},"end":{"line":40,"column":7}},"line":36},"5":{"name":"(anonymous_5)","decl":{"start":{"line":43,"column":17},"end":{"line":43,"column":18}},"loc":{"start":{"line":43,"column":23},"end":{"line":48,"column":7}},"line":43},"6":{"name":"(anonymous_6)","decl":{"start":{"line":62,"column":28},"end":{"line":62,"column":29}},"loc":{"start":{"line":62,"column":41},"end":{"line":66,"column":5}},"line":62},"7":{"name":"(anonymous_7)","decl":{"start":{"line":71,"column":22},"end":{"line":71,"column":23}},"loc":{"start":{"line":71,"column":35},"end":{"line":73,"column":5}},"line":71},"8":{"name":"(anonymous_8)","decl":{"start":{"line":76,"column":12},"end":{"line":76,"column":13}},"loc":{"start":{"line":76,"column":18},"end":{"line":85,"column":3}},"line":76},"9":{"name":"(anonymous_9)","decl":{"start":{"line":77,"column":22},"end":{"line":77,"column":23}},"loc":{"start":{"line":77,"column":34},"end":{"line":83,"column":5}},"line":77},"10":{"name":"(anonymous_10)","decl":{"start":{"line":91,"column":65},"end":{"line":91,"column":66}},"loc":{"start":{"line":92,"column":10},"end":{"line":100,"column":19}},"line":92},"11":{"name":"(anonymous_11)","decl":{"start":{"line":109,"column":34},"end":{"line":109,"column":35}},"loc":{"start":{"line":110,"column":12},"end":{"line":117,"column":14}},"line":110}},"branchMap":{"0":{"loc":{"start":{"line":34,"column":4},"end":{"line":58,"column":5}},"type":"if","locations":[{"start":{"line":34,"column":4},"end":{"line":58,"column":5}},{"start":{"line":41,"column":11},"end":{"line":58,"column":5}}],"line":34},"1":{"loc":{"start":{"line":41,"column":11},"end":{"line":58,"column":5}},"type":"if","locations":[{"start":{"line":41,"column":11},"end":{"line":58,"column":5}},{"start":{"line":49,"column":11},"end":{"line":58,"column":5}}],"line":41},"2":{"loc":{"start":{"line":61,"column":2},"end":{"line":68,"column":3}},"type":"if","locations":[{"start":{"line":61,"column":2},"end":{"line":68,"column":3}},{"start":{},"end":{}}],"line":61},"3":{"loc":{"start":{"line":63,"column":6},"end":{"line":65,"column":7}},"type":"if","locations":[{"start":{"line":63,"column":6},"end":{"line":65,"column":7}},{"start":{},"end":{}}],"line":63},"4":{"loc":{"start":{"line":70,"column":2},"end":{"line":74,"column":3}},"type":"if","locations":[{"start":{"line":70,"column":2},"end":{"line":74,"column":3}},{"start":{},"end":{}}],"line":70},"5":{"loc":{"start":{"line":72,"column":6},"end":{"line":72,"column":53}},"type":"if","locations":[{"start":{"line":72,"column":6},"end":{"line":72,"column":53}},{"start":{},"end":{}}],"line":72},"6":{"loc":{"start":{"line":91,"column":9},"end":{"line":101,"column":10}},"type":"binary-expr","locations":[{"start":{"line":91,"column":9},"end":{"line":91,"column":38}},{"start":{"line":91,"column":42},"end":{"line":101,"column":10}}],"line":91},"7":{"loc":{"start":{"line":104,"column":8},"end":{"line":104,"column":49}},"type":"binary-expr","locations":[{"start":{"line":104,"column":8},"end":{"line":104,"column":30}},{"start":{"line":104,"column":34},"end":{"line":104,"column":49}}],"line":104},"8":{"loc":{"start":{"line":107,"column":8},"end":{"line":117,"column":16}},"type":"cond-expr","locations":[{"start":{"line":108,"column":12},"end":{"line":108,"column":65}},{"start":{"line":109,"column":12},"end":{"line":117,"column":16}}],"line":107},"9":{"loc":{"start":{"line":107,"column":8},"end":{"line":107,"column":62}},"type":"binary-expr","locations":[{"start":{"line":107,"column":8},"end":{"line":107,"column":38}},{"start":{"line":107,"column":42},"end":{"line":107,"column":62}}],"line":107}},"s":{"0":28,"1":27,"2":27,"3":27,"4":27,"5":27,"6":27,"7":27,"8":27,"9":27,"10":4,"11":4,"12":4,"13":27,"14":0,"15":0,"16":0,"17":0,"18":0,"19":0,"20":0,"21":0,"22":0,"23":0,"24":0,"25":27,"26":20,"27":500,"28":100,"29":20,"30":25,"31":25,"32":525,"33":252,"34":25,"35":2,"36":2,"37":2,"38":2,"39":2,"40":25,"41":120,"42":252},"f":{"0":28,"1":4,"2":4,"3":0,"4":0,"5":0,"6":500,"7":525,"8":2,"9":2,"10":120,"11":252},"b":{"0":[0,0],"1":[0,0],"2":[20,5],"3":[100,400],"4":[25,0],"5":[252,273],"6":[25,20],"7":[25,4],"8":[0,25],"9":[25,0]},"_coverageSchema":"1a1c01bbd47fc00a2c39e90264f33305004495a9","hash":"1c098c5e1e9145b5155c608aac9e42e5f0873ebb"}
,"/home/coelho/Projetos-Trybe/Projetos-Frontend/sd-023-a-project-recipes-app/src/pages/Profile.jsx": {"path":"/home/coelho/Projetos-Trybe/Projetos-Frontend/sd-023-a-project-recipes-app/src/pages/Profile.jsx","statementMap":{"0":{"start":{"line":11,"column":6},"end":{"line":11,"column":32}},"1":{"start":{"line":13,"column":18},"end":{"line":13,"column":30}},"2":{"start":{"line":14,"column":21},"end":{"line":21,"column":3}},"3":{"start":{"line":15,"column":4},"end":{"line":18,"column":7}},"4":{"start":{"line":19,"column":4},"end":{"line":19,"column":26}},"5":{"start":{"line":20,"column":4},"end":{"line":20,"column":22}},"6":{"start":{"line":23,"column":19},"end":{"line":23,"column":82}},"7":{"start":{"line":23,"column":25},"end":{"line":23,"column":82}},"8":{"start":{"line":25,"column":2},"end":{"line":56,"column":4}},"9":{"start":{"line":35,"column":27},"end":{"line":35,"column":56}},"10":{"start":{"line":42,"column":27},"end":{"line":42,"column":60}},"11":{"start":{"line":49,"column":27},"end":{"line":49,"column":39}}},"fnMap":{"0":{"name":"Profile","decl":{"start":{"line":7,"column":24},"end":{"line":7,"column":31}},"loc":{"start":{"line":7,"column":34},"end":{"line":57,"column":1}},"line":7},"1":{"name":"(anonymous_1)","decl":{"start":{"line":14,"column":21},"end":{"line":14,"column":22}},"loc":{"start":{"line":14,"column":27},"end":{"line":21,"column":3}},"line":14},"2":{"name":"(anonymous_2)","decl":{"start":{"line":23,"column":19},"end":{"line":23,"column":20}},"loc":{"start":{"line":23,"column":25},"end":{"line":23,"column":82}},"line":23},"3":{"name":"(anonymous_3)","decl":{"start":{"line":35,"column":20},"end":{"line":35,"column":21}},"loc":{"start":{"line":35,"column":27},"end":{"line":35,"column":56}},"line":35},"4":{"name":"(anonymous_4)","decl":{"start":{"line":42,"column":20},"end":{"line":42,"column":21}},"loc":{"start":{"line":42,"column":27},"end":{"line":42,"column":60}},"line":42},"5":{"name":"(anonymous_5)","decl":{"start":{"line":49,"column":20},"end":{"line":49,"column":21}},"loc":{"start":{"line":49,"column":27},"end":{"line":49,"column":39}},"line":49}},"branchMap":{"0":{"loc":{"start":{"line":23,"column":25},"end":{"line":23,"column":82}},"type":"binary-expr","locations":[{"start":{"line":23,"column":25},"end":{"line":23,"column":65}},{"start":{"line":23,"column":69},"end":{"line":23,"column":82}}],"line":23}},"s":{"0":0,"1":0,"2":0,"3":0,"4":0,"5":0,"6":0,"7":0,"8":0,"9":0,"10":0,"11":0},"f":{"0":0,"1":0,"2":0,"3":0,"4":0,"5":0},"b":{"0":[0,0]},"_coverageSchema":"1a1c01bbd47fc00a2c39e90264f33305004495a9","hash":"2321937731e65b754ccdf0f8be25b9b45e3115a3"}
,"/home/coelho/Projetos-Trybe/Projetos-Frontend/sd-023-a-project-recipes-app/src/pages/RecipeDetails.jsx": {"path":"/home/coelho/Projetos-Trybe/Projetos-Frontend/sd-023-a-project-recipes-app/src/pages/RecipeDetails.jsx","statementMap":{"0":{"start":{"line":18,"column":18},"end":{"line":18,"column":30}},"1":{"start":{"line":24,"column":31},"end":{"line":24,"column":57}},"2":{"start":{"line":25,"column":32},"end":{"line":25,"column":44}},"3":{"start":{"line":26,"column":40},"end":{"line":26,"column":52}},"4":{"start":{"line":27,"column":46},"end":{"line":27,"column":58}},"5":{"start":{"line":28,"column":32},"end":{"line":28,"column":44}},"6":{"start":{"line":29,"column":15},"end":{"line":29,"column":16}},"7":{"start":{"line":30,"column":20},"end":{"line":30,"column":24}},"8":{"start":{"line":31,"column":16},"end":{"line":31,"column":28}},"9":{"start":{"line":32,"column":30},"end":{"line":32,"column":83}},"10":{"start":{"line":33,"column":36},"end":{"line":33,"column":51}},"11":{"start":{"line":34,"column":42},"end":{"line":34,"column":66}},"12":{"start":{"line":35,"column":33},"end":{"line":56,"column":3}},"13":{"start":{"line":36,"column":4},"end":{"line":55,"column":7}},"14":{"start":{"line":37,"column":6},"end":{"line":45,"column":7}},"15":{"start":{"line":40,"column":41},"end":{"line":40,"column":67}},"16":{"start":{"line":41,"column":8},"end":{"line":44,"column":11}},"17":{"start":{"line":41,"column":36},"end":{"line":44,"column":9}},"18":{"start":{"line":46,"column":6},"end":{"line":54,"column":7}},"19":{"start":{"line":49,"column":41},"end":{"line":49,"column":67}},"20":{"start":{"line":50,"column":8},"end":{"line":53,"column":11}},"21":{"start":{"line":50,"column":33},"end":{"line":53,"column":9}},"22":{"start":{"line":57,"column":22},"end":{"line":60,"column":3}},"23":{"start":{"line":58,"column":4},"end":{"line":58,"column":31}},"24":{"start":{"line":59,"column":4},"end":{"line":59,"column":23}},"25":{"start":{"line":61,"column":25},"end":{"line":67,"column":3}},"26":{"start":{"line":62,"column":4},"end":{"line":66,"column":5}},"27":{"start":{"line":63,"column":6},"end":{"line":63,"column":39}},"28":{"start":{"line":65,"column":6},"end":{"line":65,"column":35}},"29":{"start":{"line":68,"column":29},"end":{"line":80,"column":3}},"30":{"start":{"line":69,"column":4},"end":{"line":78,"column":5}},"31":{"start":{"line":70,"column":6},"end":{"line":73,"column":7}},"32":{"start":{"line":72,"column":8},"end":{"line":72,"column":67}},"33":{"start":{"line":74,"column":6},"end":{"line":77,"column":7}},"34":{"start":{"line":76,"column":8},"end":{"line":76,"column":68}},"35":{"start":{"line":79,"column":4},"end":{"line":79,"column":17}},"36":{"start":{"line":82,"column":2},"end":{"line":85,"column":21}},"37":{"start":{"line":83,"column":4},"end":{"line":84,"column":41}},"38":{"start":{"line":83,"column":36},"end":{"line":83,"column":68}},"39":{"start":{"line":84,"column":9},"end":{"line":84,"column":41}},"40":{"start":{"line":87,"column":2},"end":{"line":101,"column":29}},"41":{"start":{"line":88,"column":4},"end":{"line":95,"column":7}},"42":{"start":{"line":89,"column":6},"end":{"line":94,"column":7}},"43":{"start":{"line":90,"column":8},"end":{"line":93,"column":11}},"44":{"start":{"line":90,"column":41},"end":{"line":93,"column":9}},"45":{"start":{"line":96,"column":20},"end":{"line":99,"column":5}},"46":{"start":{"line":97,"column":6},"end":{"line":97,"column":34}},"47":{"start":{"line":98,"column":6},"end":{"line":98,"column":76}},"48":{"start":{"line":98,"column":39},"end":{"line":98,"column":63}},"49":{"start":{"line":100,"column":4},"end":{"line":100,"column":14}},"50":{"start":{"line":103,"column":2},"end":{"line":126,"column":9}},"51":{"start":{"line":104,"column":24},"end":{"line":124,"column":5}},"52":{"start":{"line":105,"column":6},"end":{"line":123,"column":7}},"53":{"start":{"line":106,"column":29},"end":{"line":106,"column":53}},"54":{"start":{"line":107,"column":33},"end":{"line":107,"column":62}},"55":{"start":{"line":108,"column":8},"end":{"line":110,"column":11}},"56":{"start":{"line":111,"column":8},"end":{"line":113,"column":11}},"57":{"start":{"line":114,"column":13},"end":{"line":123,"column":7}},"58":{"start":{"line":115,"column":30},"end":{"line":115,"column":55}},"59":{"start":{"line":116,"column":32},"end":{"line":116,"column":60}},"60":{"start":{"line":117,"column":8},"end":{"line":119,"column":11}},"61":{"start":{"line":120,"column":8},"end":{"line":122,"column":11}},"62":{"start":{"line":120,"column":29},"end":{"line":122,"column":9}},"63":{"start":{"line":125,"column":4},"end":{"line":125,"column":18}},"64":{"start":{"line":128,"column":2},"end":{"line":241,"column":4}},"65":{"start":{"line":169,"column":16},"end":{"line":171,"column":21}},"66":{"start":{"line":196,"column":16},"end":{"line":202,"column":21}},"67":{"start":{"line":210,"column":10},"end":{"line":223,"column":11}},"68":{"start":{"line":211,"column":12},"end":{"line":222,"column":14}},"69":{"start":{"line":223,"column":12},"end":{"line":236,"column":11}},"70":{"start":{"line":224,"column":12},"end":{"line":235,"column":14}},"71":{"start":{"line":237,"column":10},"end":{"line":237,"column":26}},"72":{"start":{"line":244,"column":0},"end":{"line":250,"column":13}}},"fnMap":{"0":{"name":"RecipeDetails","decl":{"start":{"line":17,"column":24},"end":{"line":17,"column":37}},"loc":{"start":{"line":17,"column":69},"end":{"line":242,"column":1}},"line":17},"1":{"name":"(anonymous_1)","decl":{"start":{"line":35,"column":33},"end":{"line":35,"column":34}},"loc":{"start":{"line":35,"column":39},"end":{"line":56,"column":3}},"line":35},"2":{"name":"(anonymous_2)","decl":{"start":{"line":36,"column":33},"end":{"line":36,"column":34}},"loc":{"start":{"line":36,"column":42},"end":{"line":55,"column":5}},"line":36},"3":{"name":"(anonymous_3)","decl":{"start":{"line":40,"column":32},"end":{"line":40,"column":33}},"loc":{"start":{"line":40,"column":41},"end":{"line":40,"column":67}},"line":40},"4":{"name":"(anonymous_4)","decl":{"start":{"line":41,"column":26},"end":{"line":41,"column":27}},"loc":{"start":{"line":41,"column":36},"end":{"line":44,"column":9}},"line":41},"5":{"name":"(anonymous_5)","decl":{"start":{"line":49,"column":32},"end":{"line":49,"column":33}},"loc":{"start":{"line":49,"column":41},"end":{"line":49,"column":67}},"line":49},"6":{"name":"(anonymous_6)","decl":{"start":{"line":50,"column":19},"end":{"line":50,"column":20}},"loc":{"start":{"line":50,"column":33},"end":{"line":53,"column":9}},"line":50},"7":{"name":"(anonymous_7)","decl":{"start":{"line":57,"column":22},"end":{"line":57,"column":23}},"loc":{"start":{"line":57,"column":28},"end":{"line":60,"column":3}},"line":57},"8":{"name":"(anonymous_8)","decl":{"start":{"line":61,"column":25},"end":{"line":61,"column":26}},"loc":{"start":{"line":61,"column":31},"end":{"line":67,"column":3}},"line":61},"9":{"name":"(anonymous_9)","decl":{"start":{"line":68,"column":29},"end":{"line":68,"column":30}},"loc":{"start":{"line":68,"column":35},"end":{"line":80,"column":3}},"line":68},"10":{"name":"(anonymous_10)","decl":{"start":{"line":82,"column":12},"end":{"line":82,"column":13}},"loc":{"start":{"line":82,"column":18},"end":{"line":85,"column":3}},"line":82},"11":{"name":"(anonymous_11)","decl":{"start":{"line":87,"column":12},"end":{"line":87,"column":13}},"loc":{"start":{"line":87,"column":18},"end":{"line":101,"column":3}},"line":87},"12":{"name":"(anonymous_12)","decl":{"start":{"line":88,"column":24},"end":{"line":88,"column":25}},"loc":{"start":{"line":88,"column":43},"end":{"line":95,"column":5}},"line":88},"13":{"name":"(anonymous_13)","decl":{"start":{"line":90,"column":31},"end":{"line":90,"column":32}},"loc":{"start":{"line":90,"column":41},"end":{"line":93,"column":9}},"line":90},"14":{"name":"(anonymous_14)","decl":{"start":{"line":96,"column":20},"end":{"line":96,"column":21}},"loc":{"start":{"line":96,"column":26},"end":{"line":99,"column":5}},"line":96},"15":{"name":"(anonymous_15)","decl":{"start":{"line":98,"column":33},"end":{"line":98,"column":34}},"loc":{"start":{"line":98,"column":39},"end":{"line":98,"column":63}},"line":98},"16":{"name":"(anonymous_16)","decl":{"start":{"line":103,"column":12},"end":{"line":103,"column":13}},"loc":{"start":{"line":103,"column":18},"end":{"line":126,"column":3}},"line":103},"17":{"name":"(anonymous_17)","decl":{"start":{"line":104,"column":24},"end":{"line":104,"column":25}},"loc":{"start":{"line":104,"column":36},"end":{"line":124,"column":5}},"line":104},"18":{"name":"(anonymous_18)","decl":{"start":{"line":120,"column":23},"end":{"line":120,"column":24}},"loc":{"start":{"line":120,"column":29},"end":{"line":122,"column":9}},"line":120},"19":{"name":"(anonymous_19)","decl":{"start":{"line":168,"column":52},"end":{"line":168,"column":53}},"loc":{"start":{"line":169,"column":16},"end":{"line":171,"column":21}},"line":169},"20":{"name":"(anonymous_20)","decl":{"start":{"line":195,"column":52},"end":{"line":195,"column":53}},"loc":{"start":{"line":196,"column":16},"end":{"line":202,"column":21}},"line":196},"21":{"name":"(anonymous_21)","decl":{"start":{"line":209,"column":56},"end":{"line":209,"column":57}},"loc":{"start":{"line":209,"column":75},"end":{"line":238,"column":9}},"line":209}},"branchMap":{"0":{"loc":{"start":{"line":37,"column":6},"end":{"line":45,"column":7}},"type":"if","locations":[{"start":{"line":37,"column":6},"end":{"line":45,"column":7}},{"start":{},"end":{}}],"line":37},"1":{"loc":{"start":{"line":37,"column":10},"end":{"line":40,"column":68}},"type":"binary-expr","locations":[{"start":{"line":37,"column":10},"end":{"line":37,"column":39}},{"start":{"line":38,"column":11},"end":{"line":38,"column":32}},{"start":{"line":39,"column":11},"end":{"line":39,"column":30}},{"start":{"line":40,"column":11},"end":{"line":40,"column":68}}],"line":37},"2":{"loc":{"start":{"line":46,"column":6},"end":{"line":54,"column":7}},"type":"if","locations":[{"start":{"line":46,"column":6},"end":{"line":54,"column":7}},{"start":{},"end":{}}],"line":46},"3":{"loc":{"start":{"line":46,"column":10},"end":{"line":49,"column":68}},"type":"binary-expr","locations":[{"start":{"line":46,"column":10},"end":{"line":46,"column":36}},{"start":{"line":47,"column":11},"end":{"line":47,"column":32}},{"start":{"line":48,"column":11},"end":{"line":48,"column":30}},{"start":{"line":49,"column":11},"end":{"line":49,"column":68}}],"line":46},"4":{"loc":{"start":{"line":62,"column":4},"end":{"line":66,"column":5}},"type":"if","locations":[{"start":{"line":62,"column":4},"end":{"line":66,"column":5}},{"start":{"line":64,"column":11},"end":{"line":66,"column":5}}],"line":62},"5":{"loc":{"start":{"line":69,"column":4},"end":{"line":78,"column":5}},"type":"if","locations":[{"start":{"line":69,"column":4},"end":{"line":78,"column":5}},{"start":{},"end":{}}],"line":69},"6":{"loc":{"start":{"line":70,"column":6},"end":{"line":73,"column":7}},"type":"if","locations":[{"start":{"line":70,"column":6},"end":{"line":73,"column":7}},{"start":{},"end":{}}],"line":70},"7":{"loc":{"start":{"line":70,"column":10},"end":{"line":71,"column":61}},"type":"binary-expr","locations":[{"start":{"line":70,"column":10},"end":{"line":70,"column":53}},{"start":{"line":71,"column":11},"end":{"line":71,"column":61}}],"line":70},"8":{"loc":{"start":{"line":74,"column":6},"end":{"line":77,"column":7}},"type":"if","locations":[{"start":{"line":74,"column":6},"end":{"line":77,"column":7}},{"start":{},"end":{}}],"line":74},"9":{"loc":{"start":{"line":74,"column":10},"end":{"line":75,"column":62}},"type":"binary-expr","locations":[{"start":{"line":74,"column":10},"end":{"line":74,"column":53}},{"start":{"line":75,"column":11},"end":{"line":75,"column":62}}],"line":74},"10":{"loc":{"start":{"line":83,"column":4},"end":{"line":84,"column":41}},"type":"if","locations":[{"start":{"line":83,"column":4},"end":{"line":84,"column":41}},{"start":{"line":84,"column":9},"end":{"line":84,"column":41}}],"line":83},"11":{"loc":{"start":{"line":89,"column":6},"end":{"line":94,"column":7}},"type":"if","locations":[{"start":{"line":89,"column":6},"end":{"line":94,"column":7}},{"start":{},"end":{}}],"line":89},"12":{"loc":{"start":{"line":105,"column":6},"end":{"line":123,"column":7}},"type":"if","locations":[{"start":{"line":105,"column":6},"end":{"line":123,"column":7}},{"start":{"line":114,"column":13},"end":{"line":123,"column":7}}],"line":105},"13":{"loc":{"start":{"line":114,"column":13},"end":{"line":123,"column":7}},"type":"if","locations":[{"start":{"line":114,"column":13},"end":{"line":123,"column":7}},{"start":{},"end":{}}],"line":114},"14":{"loc":{"start":{"line":132,"column":9},"end":{"line":132,"column":43}},"type":"binary-expr","locations":[{"start":{"line":132,"column":9},"end":{"line":132,"column":18}},{"start":{"line":132,"column":23},"end":{"line":132,"column":42}}],"line":132},"15":{"loc":{"start":{"line":139,"column":14},"end":{"line":139,"column":71}},"type":"cond-expr","locations":[{"start":{"line":139,"column":37},"end":{"line":139,"column":54}},{"start":{"line":139,"column":57},"end":{"line":139,"column":71}}],"line":139},"16":{"loc":{"start":{"line":158,"column":9},"end":{"line":206,"column":21}},"type":"cond-expr","locations":[{"start":{"line":159,"column":10},"end":{"line":180,"column":20}},{"start":{"line":182,"column":10},"end":{"line":206,"column":20}}],"line":158},"17":{"loc":{"start":{"line":168,"column":15},"end":{"line":172,"column":16}},"type":"binary-expr","locations":[{"start":{"line":168,"column":15},"end":{"line":168,"column":29}},{"start":{"line":168,"column":33},"end":{"line":172,"column":16}}],"line":168},"18":{"loc":{"start":{"line":195,"column":15},"end":{"line":203,"column":16}},"type":"binary-expr","locations":[{"start":{"line":195,"column":15},"end":{"line":195,"column":29}},{"start":{"line":195,"column":33},"end":{"line":203,"column":16}}],"line":195},"19":{"loc":{"start":{"line":209,"column":9},"end":{"line":238,"column":10}},"type":"binary-expr","locations":[{"start":{"line":209,"column":9},"end":{"line":209,"column":28}},{"start":{"line":209,"column":32},"end":{"line":238,"column":10}}],"line":209},"20":{"loc":{"start":{"line":210,"column":10},"end":{"line":223,"column":11}},"type":"if","locations":[{"start":{"line":210,"column":10},"end":{"line":223,"column":11}},{"start":{},"end":{}}],"line":210},"21":{"loc":{"start":{"line":223,"column":12},"end":{"line":236,"column":11}},"type":"if","locations":[{"start":{"line":223,"column":12},"end":{"line":236,"column":11}},{"start":{},"end":{}}],"line":223}},"s":{"0":0,"1":0,"2":0,"3":0,"4":0,"5":0,"6":0,"7":0,"8":0,"9":0,"10":0,"11":0,"12":0,"13":0,"14":0,"15":0,"16":0,"17":0,"18":0,"19":0,"20":0,"21":0,"22":0,"23":0,"24":0,"25":0,"26":0,"27":0,"28":0,"29":0,"30":0,"31":0,"32":0,"33":0,"34":0,"35":0,"36":0,"37":0,"38":0,"39":0,"40":0,"41":0,"42":0,"43":0,"44":0,"45":0,"46":0,"47":0,"48":0,"49":0,"50":0,"51":0,"52":0,"53":0,"54":0,"55":0,"56":0,"57":0,"58":0,"59":0,"60":0,"61":0,"62":0,"63":0,"64":0,"65":0,"66":0,"67":0,"68":0,"69":0,"70":0,"71":0,"72":1},"f":{"0":0,"1":0,"2":0,"3":0,"4":0,"5":0,"6":0,"7":0,"8":0,"9":0,"10":0,"11":0,"12":0,"13":0,"14":0,"15":0,"16":0,"17":0,"18":0,"19":0,"20":0,"21":0},"b":{"0":[0,0],"1":[0,0,0,0],"2":[0,0],"3":[0,0,0,0],"4":[0,0],"5":[0,0],"6":[0,0],"7":[0,0],"8":[0,0],"9":[0,0],"10":[0,0],"11":[0,0],"12":[0,0],"13":[0,0],"14":[0,0],"15":[0,0],"16":[0,0],"17":[0,0],"18":[0,0],"19":[0,0],"20":[0,0],"21":[0,0]},"_coverageSchema":"1a1c01bbd47fc00a2c39e90264f33305004495a9","hash":"59ddffda2a09a27e2e6b407a3f47fea4898a5aab"}
,"/home/coelho/Projetos-Trybe/Projetos-Frontend/sd-023-a-project-recipes-app/src/pages/RecipeInProgress.jsx": {"path":"/home/coelho/Projetos-Trybe/Projetos-Frontend/sd-023-a-project-recipes-app/src/pages/RecipeInProgress.jsx","statementMap":{"0":{"start":{"line":9,"column":26},"end":{"line":9,"column":28}},"1":{"start":{"line":10,"column":28},"end":{"line":10,"column":81}},"2":{"start":{"line":12,"column":18},"end":{"line":12,"column":30}},"3":{"start":{"line":13,"column":19},"end":{"line":13,"column":44}},"4":{"start":{"line":14,"column":40},"end":{"line":14,"column":50}},"5":{"start":{"line":15,"column":40},"end":{"line":15,"column":50}},"6":{"start":{"line":16,"column":36},"end":{"line":16,"column":51}},"7":{"start":{"line":17,"column":36},"end":{"line":19,"column":3}},"8":{"start":{"line":20,"column":25},"end":{"line":38,"column":3}},"9":{"start":{"line":21,"column":4},"end":{"line":37,"column":5}},"10":{"start":{"line":22,"column":6},"end":{"line":36,"column":9}},"11":{"start":{"line":23,"column":8},"end":{"line":35,"column":9}},"12":{"start":{"line":26,"column":10},"end":{"line":34,"column":13}},"13":{"start":{"line":27,"column":12},"end":{"line":32,"column":13}},"14":{"start":{"line":28,"column":14},"end":{"line":31,"column":16}},"15":{"start":{"line":33,"column":12},"end":{"line":33,"column":38}},"16":{"start":{"line":40,"column":26},"end":{"line":54,"column":3}},"17":{"start":{"line":41,"column":4},"end":{"line":47,"column":5}},"18":{"start":{"line":42,"column":25},"end":{"line":42,"column":49}},"19":{"start":{"line":43,"column":24},"end":{"line":43,"column":40}},"20":{"start":{"line":44,"column":6},"end":{"line":46,"column":9}},"21":{"start":{"line":47,"column":6},"end":{"line":53,"column":5}},"22":{"start":{"line":48,"column":25},"end":{"line":48,"column":50}},"23":{"start":{"line":49,"column":25},"end":{"line":49,"column":41}},"24":{"start":{"line":50,"column":6},"end":{"line":52,"column":9}},"25":{"start":{"line":56,"column":22},"end":{"line":59,"column":3}},"26":{"start":{"line":57,"column":4},"end":{"line":57,"column":31}},"27":{"start":{"line":58,"column":4},"end":{"line":58,"column":23}},"28":{"start":{"line":61,"column":24},"end":{"line":63,"column":3}},"29":{"start":{"line":62,"column":4},"end":{"line":62,"column":68}},"30":{"start":{"line":65,"column":26},"end":{"line":70,"column":3}},"31":{"start":{"line":66,"column":4},"end":{"line":69,"column":8}},"32":{"start":{"line":66,"column":33},"end":{"line":69,"column":5}},"33":{"start":{"line":72,"column":29},"end":{"line":93,"column":3}},"34":{"start":{"line":73,"column":4},"end":{"line":82,"column":5}},"35":{"start":{"line":74,"column":6},"end":{"line":74,"column":36}},"36":{"start":{"line":75,"column":6},"end":{"line":81,"column":10}},"37":{"start":{"line":82,"column":6},"end":{"line":91,"column":5}},"38":{"start":{"line":83,"column":6},"end":{"line":83,"column":36}},"39":{"start":{"line":84,"column":6},"end":{"line":90,"column":10}},"40":{"start":{"line":92,"column":4},"end":{"line":92,"column":36}},"41":{"start":{"line":95,"column":2},"end":{"line":97,"column":18}},"42":{"start":{"line":96,"column":4},"end":{"line":96,"column":20}},"43":{"start":{"line":99,"column":2},"end":{"line":102,"column":9}},"44":{"start":{"line":100,"column":4},"end":{"line":100,"column":22}},"45":{"start":{"line":101,"column":4},"end":{"line":101,"column":20}},"46":{"start":{"line":104,"column":2},"end":{"line":106,"column":20}},"47":{"start":{"line":105,"column":4},"end":{"line":105,"column":21}},"48":{"start":{"line":107,"column":2},"end":{"line":210,"column":4}},"49":{"start":{"line":139,"column":18},"end":{"line":154,"column":26}},"50":{"start":{"line":161,"column":36},"end":{"line":161,"column":50}},"51":{"start":{"line":178,"column":18},"end":{"line":194,"column":26}},"52":{"start":{"line":201,"column":36},"end":{"line":201,"column":50}},"53":{"start":{"line":213,"column":0},"end":{"line":219,"column":13}}},"fnMap":{"0":{"name":"RecipeInProgress","decl":{"start":{"line":11,"column":24},"end":{"line":11,"column":40}},"loc":{"start":{"line":11,"column":72},"end":{"line":211,"column":1}},"line":11},"1":{"name":"(anonymous_1)","decl":{"start":{"line":20,"column":25},"end":{"line":20,"column":26}},"loc":{"start":{"line":20,"column":31},"end":{"line":38,"column":3}},"line":20},"2":{"name":"(anonymous_2)","decl":{"start":{"line":22,"column":39},"end":{"line":22,"column":40}},"loc":{"start":{"line":22,"column":48},"end":{"line":36,"column":7}},"line":22},"3":{"name":"(anonymous_3)","decl":{"start":{"line":26,"column":25},"end":{"line":26,"column":26}},"loc":{"start":{"line":26,"column":35},"end":{"line":34,"column":11}},"line":26},"4":{"name":"(anonymous_4)","decl":{"start":{"line":40,"column":26},"end":{"line":40,"column":27}},"loc":{"start":{"line":40,"column":38},"end":{"line":54,"column":3}},"line":40},"5":{"name":"(anonymous_5)","decl":{"start":{"line":56,"column":22},"end":{"line":56,"column":23}},"loc":{"start":{"line":56,"column":28},"end":{"line":59,"column":3}},"line":56},"6":{"name":"(anonymous_6)","decl":{"start":{"line":61,"column":24},"end":{"line":61,"column":25}},"loc":{"start":{"line":61,"column":30},"end":{"line":63,"column":3}},"line":61},"7":{"name":"(anonymous_7)","decl":{"start":{"line":65,"column":26},"end":{"line":65,"column":27}},"loc":{"start":{"line":65,"column":48},"end":{"line":70,"column":3}},"line":65},"8":{"name":"(anonymous_8)","decl":{"start":{"line":66,"column":17},"end":{"line":66,"column":18}},"loc":{"start":{"line":66,"column":33},"end":{"line":69,"column":5}},"line":66},"9":{"name":"(anonymous_9)","decl":{"start":{"line":72,"column":29},"end":{"line":72,"column":30}},"loc":{"start":{"line":72,"column":65},"end":{"line":93,"column":3}},"line":72},"10":{"name":"(anonymous_10)","decl":{"start":{"line":95,"column":12},"end":{"line":95,"column":13}},"loc":{"start":{"line":95,"column":18},"end":{"line":97,"column":3}},"line":95},"11":{"name":"(anonymous_11)","decl":{"start":{"line":99,"column":12},"end":{"line":99,"column":13}},"loc":{"start":{"line":99,"column":18},"end":{"line":102,"column":3}},"line":99},"12":{"name":"(anonymous_12)","decl":{"start":{"line":104,"column":12},"end":{"line":104,"column":13}},"loc":{"start":{"line":104,"column":18},"end":{"line":106,"column":3}},"line":104},"13":{"name":"(anonymous_13)","decl":{"start":{"line":138,"column":48},"end":{"line":138,"column":49}},"loc":{"start":{"line":139,"column":18},"end":{"line":154,"column":26}},"line":139},"14":{"name":"(anonymous_14)","decl":{"start":{"line":161,"column":25},"end":{"line":161,"column":26}},"loc":{"start":{"line":161,"column":36},"end":{"line":161,"column":50}},"line":161},"15":{"name":"(anonymous_15)","decl":{"start":{"line":177,"column":48},"end":{"line":177,"column":49}},"loc":{"start":{"line":178,"column":18},"end":{"line":194,"column":26}},"line":178},"16":{"name":"(anonymous_16)","decl":{"start":{"line":201,"column":25},"end":{"line":201,"column":26}},"loc":{"start":{"line":201,"column":36},"end":{"line":201,"column":50}},"line":201}},"branchMap":{"0":{"loc":{"start":{"line":21,"column":4},"end":{"line":37,"column":5}},"type":"if","locations":[{"start":{"line":21,"column":4},"end":{"line":37,"column":5}},{"start":{},"end":{}}],"line":21},"1":{"loc":{"start":{"line":23,"column":8},"end":{"line":35,"column":9}},"type":"if","locations":[{"start":{"line":23,"column":8},"end":{"line":35,"column":9}},{"start":{},"end":{}}],"line":23},"2":{"loc":{"start":{"line":23,"column":12},"end":{"line":25,"column":32}},"type":"binary-expr","locations":[{"start":{"line":23,"column":12},"end":{"line":23,"column":41}},{"start":{"line":24,"column":9},"end":{"line":24,"column":34}},{"start":{"line":25,"column":9},"end":{"line":25,"column":32}}],"line":23},"3":{"loc":{"start":{"line":27,"column":12},"end":{"line":32,"column":13}},"type":"if","locations":[{"start":{"line":27,"column":12},"end":{"line":32,"column":13}},{"start":{},"end":{}}],"line":27},"4":{"loc":{"start":{"line":41,"column":4},"end":{"line":47,"column":5}},"type":"if","locations":[{"start":{"line":41,"column":4},"end":{"line":47,"column":5}},{"start":{},"end":{}}],"line":41},"5":{"loc":{"start":{"line":47,"column":6},"end":{"line":53,"column":5}},"type":"if","locations":[{"start":{"line":47,"column":6},"end":{"line":53,"column":5}},{"start":{},"end":{}}],"line":47},"6":{"loc":{"start":{"line":73,"column":4},"end":{"line":82,"column":5}},"type":"if","locations":[{"start":{"line":73,"column":4},"end":{"line":82,"column":5}},{"start":{},"end":{}}],"line":73},"7":{"loc":{"start":{"line":82,"column":6},"end":{"line":91,"column":5}},"type":"if","locations":[{"start":{"line":82,"column":6},"end":{"line":91,"column":5}},{"start":{},"end":{}}],"line":82},"8":{"loc":{"start":{"line":117,"column":9},"end":{"line":117,"column":43}},"type":"binary-expr","locations":[{"start":{"line":117,"column":9},"end":{"line":117,"column":18}},{"start":{"line":117,"column":23},"end":{"line":117,"column":42}}],"line":117},"9":{"loc":{"start":{"line":126,"column":9},"end":{"line":207,"column":9}},"type":"binary-expr","locations":[{"start":{"line":126,"column":9},"end":{"line":126,"column":20}},{"start":{"line":127,"column":10},"end":{"line":206,"column":11}}],"line":126},"10":{"loc":{"start":{"line":127,"column":10},"end":{"line":206,"column":11}},"type":"cond-expr","locations":[{"start":{"line":128,"column":12},"end":{"line":165,"column":15}},{"start":{"line":167,"column":12},"end":{"line":205,"column":15}}],"line":127},"11":{"loc":{"start":{"line":138,"column":17},"end":{"line":155,"column":18}},"type":"binary-expr","locations":[{"start":{"line":138,"column":17},"end":{"line":138,"column":28}},{"start":{"line":138,"column":32},"end":{"line":155,"column":18}}],"line":138},"12":{"loc":{"start":{"line":151,"column":32},"end":{"line":151,"column":66}},"type":"binary-expr","locations":[{"start":{"line":151,"column":32},"end":{"line":151,"column":41}},{"start":{"line":151,"column":45},"end":{"line":151,"column":66}}],"line":151},"13":{"loc":{"start":{"line":160,"column":27},"end":{"line":161,"column":58}},"type":"cond-expr","locations":[{"start":{"line":160,"column":39},"end":{"line":161,"column":51}},{"start":{"line":161,"column":54},"end":{"line":161,"column":58}}],"line":160},"14":{"loc":{"start":{"line":177,"column":17},"end":{"line":195,"column":18}},"type":"binary-expr","locations":[{"start":{"line":177,"column":17},"end":{"line":177,"column":28}},{"start":{"line":177,"column":32},"end":{"line":195,"column":18}}],"line":177},"15":{"loc":{"start":{"line":190,"column":32},"end":{"line":190,"column":66}},"type":"binary-expr","locations":[{"start":{"line":190,"column":32},"end":{"line":190,"column":41}},{"start":{"line":190,"column":45},"end":{"line":190,"column":66}}],"line":190},"16":{"loc":{"start":{"line":200,"column":27},"end":{"line":201,"column":58}},"type":"cond-expr","locations":[{"start":{"line":200,"column":39},"end":{"line":201,"column":51}},{"start":{"line":201,"column":54},"end":{"line":201,"column":58}}],"line":200}},"s":{"0":1,"1":1,"2":0,"3":0,"4":0,"5":0,"6":0,"7":0,"8":0,"9":0,"10":0,"11":0,"12":0,"13":0,"14":0,"15":0,"16":0,"17":0,"18":0,"19":0,"20":0,"21":0,"22":0,"23":0,"24":0,"25":0,"26":0,"27":0,"28":0,"29":0,"30":0,"31":0,"32":0,"33":0,"34":0,"35":0,"36":0,"37":0,"38":0,"39":0,"40":0,"41":0,"42":0,"43":0,"44":0,"45":0,"46":0,"47":0,"48":0,"49":0,"50":0,"51":0,"52":0,"53":1},"f":{"0":0,"1":0,"2":0,"3":0,"4":0,"5":0,"6":0,"7":0,"8":0,"9":0,"10":0,"11":0,"12":0,"13":0,"14":0,"15":0,"16":0},"b":{"0":[0,0],"1":[0,0],"2":[0,0,0],"3":[0,0],"4":[0,0],"5":[0,0],"6":[0,0],"7":[0,0],"8":[0,0],"9":[0,0],"10":[0,0],"11":[0,0],"12":[0,0],"13":[0,0],"14":[0,0],"15":[0,0],"16":[0,0]},"_coverageSchema":"1a1c01bbd47fc00a2c39e90264f33305004495a9","hash":"a1f122be8cbb01faf39525a3f06efc50743af59f"}
,"/home/coelho/Projetos-Trybe/Projetos-Frontend/sd-023-a-project-recipes-app/src/services/fetchById.js": {"path":"/home/coelho/Projetos-Trybe/Projetos-Frontend/sd-023-a-project-recipes-app/src/services/fetchById.js","statementMap":{"0":{"start":{"line":1,"column":21},"end":{"line":1,"column":76}},"1":{"start":{"line":2,"column":22},"end":{"line":2,"column":81}},"2":{"start":{"line":4,"column":23},"end":{"line":12,"column":1}},"3":{"start":{"line":5,"column":2},"end":{"line":11,"column":3}},"4":{"start":{"line":6,"column":21},"end":{"line":6,"column":56}},"5":{"start":{"line":7,"column":17},"end":{"line":7,"column":32}},"6":{"start":{"line":8,"column":4},"end":{"line":8,"column":16}},"7":{"start":{"line":10,"column":4},"end":{"line":10,"column":35}},"8":{"start":{"line":14,"column":24},"end":{"line":22,"column":1}},"9":{"start":{"line":15,"column":2},"end":{"line":21,"column":3}},"10":{"start":{"line":16,"column":21},"end":{"line":16,"column":57}},"11":{"start":{"line":17,"column":17},"end":{"line":17,"column":32}},"12":{"start":{"line":18,"column":4},"end":{"line":18,"column":16}},"13":{"start":{"line":20,"column":4},"end":{"line":20,"column":35}}},"fnMap":{"0":{"name":"(anonymous_0)","decl":{"start":{"line":4,"column":23},"end":{"line":4,"column":24}},"loc":{"start":{"line":4,"column":37},"end":{"line":12,"column":1}},"line":4},"1":{"name":"(anonymous_1)","decl":{"start":{"line":14,"column":24},"end":{"line":14,"column":25}},"loc":{"start":{"line":14,"column":38},"end":{"line":22,"column":1}},"line":14}},"branchMap":{},"s":{"0":1,"1":1,"2":1,"3":0,"4":0,"5":0,"6":0,"7":0,"8":1,"9":0,"10":0,"11":0,"12":0,"13":0},"f":{"0":0,"1":0},"b":{},"_coverageSchema":"1a1c01bbd47fc00a2c39e90264f33305004495a9","hash":"d290e120d51bf03dd5619ecf0bf3b5c26da9f527"}
,"/home/coelho/Projetos-Trybe/Projetos-Frontend/sd-023-a-project-recipes-app/src/services/fetchCategories.js": {"path":"/home/coelho/Projetos-Trybe/Projetos-Frontend/sd-023-a-project-recipes-app/src/services/fetchCategories.js","statementMap":{"0":{"start":{"line":1,"column":30},"end":{"line":1,"column":85}},"1":{"start":{"line":2,"column":31},"end":{"line":2,"column":90}},"2":{"start":{"line":4,"column":24},"end":{"line":12,"column":1}},"3":{"start":{"line":5,"column":2},"end":{"line":11,"column":3}},"4":{"start":{"line":6,"column":21},"end":{"line":6,"column":37}},"5":{"start":{"line":7,"column":17},"end":{"line":7,"column":38}},"6":{"start":{"line":8,"column":4},"end":{"line":8,"column":16}},"7":{"start":{"line":10,"column":4},"end":{"line":10,"column":35}},"8":{"start":{"line":14,"column":29},"end":{"line":22,"column":1}},"9":{"start":{"line":15,"column":2},"end":{"line":21,"column":3}},"10":{"start":{"line":16,"column":21},"end":{"line":16,"column":71}},"11":{"start":{"line":17,"column":17},"end":{"line":17,"column":38}},"12":{"start":{"line":18,"column":4},"end":{"line":18,"column":16}},"13":{"start":{"line":20,"column":4},"end":{"line":20,"column":35}},"14":{"start":{"line":24,"column":30},"end":{"line":32,"column":1}},"15":{"start":{"line":25,"column":2},"end":{"line":31,"column":3}},"16":{"start":{"line":26,"column":21},"end":{"line":26,"column":72}},"17":{"start":{"line":27,"column":17},"end":{"line":27,"column":38}},"18":{"start":{"line":28,"column":4},"end":{"line":28,"column":16}},"19":{"start":{"line":30,"column":4},"end":{"line":30,"column":35}}},"fnMap":{"0":{"name":"(anonymous_0)","decl":{"start":{"line":4,"column":24},"end":{"line":4,"column":25}},"loc":{"start":{"line":4,"column":39},"end":{"line":12,"column":1}},"line":4},"1":{"name":"(anonymous_1)","decl":{"start":{"line":14,"column":29},"end":{"line":14,"column":30}},"loc":{"start":{"line":14,"column":49},"end":{"line":22,"column":1}},"line":14},"2":{"name":"(anonymous_2)","decl":{"start":{"line":24,"column":30},"end":{"line":24,"column":31}},"loc":{"start":{"line":24,"column":50},"end":{"line":32,"column":1}},"line":24}},"branchMap":{},"s":{"0":1,"1":1,"2":1,"3":4,"4":4,"5":4,"6":4,"7":0,"8":1,"9":0,"10":0,"11":0,"12":0,"13":0,"14":1,"15":0,"16":0,"17":0,"18":0,"19":0},"f":{"0":4,"1":0,"2":0},"b":{},"_coverageSchema":"1a1c01bbd47fc00a2c39e90264f33305004495a9","hash":"32f27aac23bfbc0b593b4028c9fdeb64b207b71d"}
,"/home/coelho/Projetos-Trybe/Projetos-Frontend/sd-023-a-project-recipes-app/src/services/fetchDrinks.js": {"path":"/home/coelho/Projetos-Trybe/Projetos-Frontend/sd-023-a-project-recipes-app/src/services/fetchDrinks.js","statementMap":{"0":{"start":{"line":1,"column":24},"end":{"line":1,"column":83}},"1":{"start":{"line":2,"column":31},"end":{"line":2,"column":90}},"2":{"start":{"line":3,"column":30},"end":{"line":3,"column":89}},"3":{"start":{"line":5,"column":26},"end":{"line":13,"column":1}},"4":{"start":{"line":6,"column":2},"end":{"line":12,"column":3}},"5":{"start":{"line":7,"column":21},"end":{"line":7,"column":61}},"6":{"start":{"line":8,"column":17},"end":{"line":8,"column":38}},"7":{"start":{"line":9,"column":4},"end":{"line":9,"column":16}},"8":{"start":{"line":11,"column":4},"end":{"line":11,"column":31}},"9":{"start":{"line":15,"column":32},"end":{"line":23,"column":1}},"10":{"start":{"line":16,"column":2},"end":{"line":22,"column":3}},"11":{"start":{"line":17,"column":21},"end":{"line":17,"column":70}},"12":{"start":{"line":18,"column":17},"end":{"line":18,"column":38}},"13":{"start":{"line":19,"column":4},"end":{"line":19,"column":16}},"14":{"start":{"line":21,"column":4},"end":{"line":21,"column":31}},"15":{"start":{"line":25,"column":32},"end":{"line":33,"column":1}},"16":{"start":{"line":26,"column":2},"end":{"line":32,"column":3}},"17":{"start":{"line":27,"column":21},"end":{"line":27,"column":66}},"18":{"start":{"line":28,"column":17},"end":{"line":28,"column":38}},"19":{"start":{"line":29,"column":4},"end":{"line":29,"column":16}},"20":{"start":{"line":31,"column":4},"end":{"line":31,"column":76}}},"fnMap":{"0":{"name":"(anonymous_0)","decl":{"start":{"line":5,"column":26},"end":{"line":5,"column":27}},"loc":{"start":{"line":5,"column":42},"end":{"line":13,"column":1}},"line":5},"1":{"name":"(anonymous_1)","decl":{"start":{"line":15,"column":32},"end":{"line":15,"column":33}},"loc":{"start":{"line":15,"column":50},"end":{"line":23,"column":1}},"line":15},"2":{"name":"(anonymous_2)","decl":{"start":{"line":25,"column":32},"end":{"line":25,"column":33}},"loc":{"start":{"line":25,"column":47},"end":{"line":33,"column":1}},"line":25}},"branchMap":{},"s":{"0":1,"1":1,"2":1,"3":1,"4":5,"5":5,"6":5,"7":5,"8":0,"9":1,"10":0,"11":0,"12":0,"13":0,"14":0,"15":1,"16":1,"17":1,"18":1,"19":1,"20":0},"f":{"0":5,"1":0,"2":1},"b":{},"_coverageSchema":"1a1c01bbd47fc00a2c39e90264f33305004495a9","hash":"6903bcab08e258a706b9a7ef0152e0f1b0da5306"}
,"/home/coelho/Projetos-Trybe/Projetos-Frontend/sd-023-a-project-recipes-app/src/services/fetchMeals.js": {"path":"/home/coelho/Projetos-Trybe/Projetos-Frontend/sd-023-a-project-recipes-app/src/services/fetchMeals.js","statementMap":{"0":{"start":{"line":1,"column":24},"end":{"line":1,"column":79}},"1":{"start":{"line":2,"column":31},"end":{"line":2,"column":86}},"2":{"start":{"line":3,"column":30},"end":{"line":3,"column":85}},"3":{"start":{"line":5,"column":25},"end":{"line":7,"column":37}},"4":{"start":{"line":5,"column":41},"end":{"line":7,"column":37}},"5":{"start":{"line":7,"column":21},"end":{"line":7,"column":36}},"6":{"start":{"line":9,"column":31},"end":{"line":11,"column":37}},"7":{"start":{"line":9,"column":49},"end":{"line":11,"column":37}},"8":{"start":{"line":11,"column":21},"end":{"line":11,"column":36}},"9":{"start":{"line":13,"column":31},"end":{"line":15,"column":37}},"10":{"start":{"line":13,"column":46},"end":{"line":15,"column":37}},"11":{"start":{"line":15,"column":21},"end":{"line":15,"column":36}}},"fnMap":{"0":{"name":"(anonymous_0)","decl":{"start":{"line":5,"column":25},"end":{"line":5,"column":26}},"loc":{"start":{"line":5,"column":41},"end":{"line":7,"column":37}},"line":5},"1":{"name":"(anonymous_1)","decl":{"start":{"line":7,"column":7},"end":{"line":7,"column":8}},"loc":{"start":{"line":7,"column":21},"end":{"line":7,"column":36}},"line":7},"2":{"name":"(anonymous_2)","decl":{"start":{"line":9,"column":31},"end":{"line":9,"column":32}},"loc":{"start":{"line":9,"column":49},"end":{"line":11,"column":37}},"line":9},"3":{"name":"(anonymous_3)","decl":{"start":{"line":11,"column":7},"end":{"line":11,"column":8}},"loc":{"start":{"line":11,"column":21},"end":{"line":11,"column":36}},"line":11},"4":{"name":"(anonymous_4)","decl":{"start":{"line":13,"column":31},"end":{"line":13,"column":32}},"loc":{"start":{"line":13,"column":46},"end":{"line":15,"column":37}},"line":13},"5":{"name":"(anonymous_5)","decl":{"start":{"line":15,"column":7},"end":{"line":15,"column":8}},"loc":{"start":{"line":15,"column":21},"end":{"line":15,"column":36}},"line":15}},"branchMap":{},"s":{"0":1,"1":1,"2":1,"3":1,"4":5,"5":5,"6":1,"7":0,"8":0,"9":1,"10":1,"11":1},"f":{"0":5,"1":5,"2":0,"3":0,"4":1,"5":1},"b":{},"_coverageSchema":"1a1c01bbd47fc00a2c39e90264f33305004495a9","hash":"6a152081b465cb74a0d40acc51c78062663a958c"}
,"/home/coelho/Projetos-Trybe/Projetos-Frontend/sd-023-a-project-recipes-app/src/services/fetchSuggestions.js": {"path":"/home/coelho/Projetos-Trybe/Projetos-Frontend/sd-023-a-project-recipes-app/src/services/fetchSuggestions.js","statementMap":{"0":{"start":{"line":1,"column":28},"end":{"line":1,"column":87}},"1":{"start":{"line":2,"column":27},"end":{"line":2,"column":82}},"2":{"start":{"line":4,"column":30},"end":{"line":12,"column":1}},"3":{"start":{"line":5,"column":2},"end":{"line":11,"column":3}},"4":{"start":{"line":6,"column":21},"end":{"line":6,"column":53}},"5":{"start":{"line":7,"column":17},"end":{"line":7,"column":38}},"6":{"start":{"line":8,"column":4},"end":{"line":8,"column":16}},"7":{"start":{"line":10,"column":4},"end":{"line":10,"column":35}},"8":{"start":{"line":14,"column":29},"end":{"line":22,"column":1}},"9":{"start":{"line":15,"column":2},"end":{"line":21,"column":3}},"10":{"start":{"line":16,"column":21},"end":{"line":16,"column":52}},"11":{"start":{"line":17,"column":17},"end":{"line":17,"column":38}},"12":{"start":{"line":18,"column":4},"end":{"line":18,"column":16}},"13":{"start":{"line":20,"column":4},"end":{"line":20,"column":35}}},"fnMap":{"0":{"name":"(anonymous_0)","decl":{"start":{"line":4,"column":30},"end":{"line":4,"column":31}},"loc":{"start":{"line":4,"column":42},"end":{"line":12,"column":1}},"line":4},"1":{"name":"(anonymous_1)","decl":{"start":{"line":14,"column":29},"end":{"line":14,"column":30}},"loc":{"start":{"line":14,"column":41},"end":{"line":22,"column":1}},"line":14}},"branchMap":{},"s":{"0":1,"1":1,"2":1,"3":0,"4":0,"5":0,"6":0,"7":0,"8":1,"9":0,"10":0,"11":0,"12":0,"13":0},"f":{"0":0,"1":0},"b":{},"_coverageSchema":"1a1c01bbd47fc00a2c39e90264f33305004495a9","hash":"14b2bfeb97d79a48b77337d1ba8ab2a61c1c90cc"}
}
