TN:
SF:src/App.jsx
FN:16,App
FNF:1
FNH:1
FNDA:3,App
DA:17,3
LF:1
LH:1
BRF:0
BRH:0
end_of_record
TN:
SF:src/components/Card.jsx
FN:5,Card
FNF:1
FNH:1
FNDA:480,Card
DA:6,480
DA:24,1
LF:2
LH:2
BRF:0
BRH:0
end_of_record
TN:
SF:src/components/Footer.jsx
FN:7,Footer
FNF:1
FNH:1
FNDA:48,Footer
DA:8,48
LF:1
LH:1
BRF:0
BRH:0
end_of_record
TN:
SF:src/components/Header.jsx
FN:7,Header
FN:11,(anonymous_1)
FN:27,(anonymous_2)
FN:41,(anonymous_3)
FNF:4
FNH:4
FNDA:48,Header
FNDA:48,(anonymous_1)
FNDA:48,(anonymous_2)
FNDA:2,(anonymous_3)
DA:8,48
DA:9,48
DA:11,48
DA:12,48
DA:14,25
DA:16,23
DA:18,0
DA:20,0
DA:22,0
DA:23,0
DA:27,48
DA:28,48
DA:30,0
DA:32,0
DA:34,0
DA:36,48
DA:41,2
DA:49,48
LF:18
LH:11
BRDA:12,0,0,25
BRDA:12,0,1,23
BRDA:12,0,2,0
BRDA:12,0,3,0
BRDA:12,0,4,0
BRDA:12,0,5,0
BRDA:28,1,0,0
BRDA:28,1,1,0
BRDA:28,1,2,0
BRDA:28,1,3,48
BRDA:53,2,0,48
BRDA:53,2,1,36
BRF:12
BRH:5
end_of_record
TN:
SF:src/components/Recipes.jsx
FN:5,Recipes
FNF:1
FNH:1
FNDA:7,Recipes
DA:6,7
DA:7,6
LF:2
LH:2
BRDA:9,0,0,3
BRDA:9,0,1,3
BRF:2
BRH:2
end_of_record
TN:
SF:src/components/SearchBar.jsx
FN:5,SearchBar
FN:14,(anonymous_1)
FN:19,(anonymous_2)
FNF:3
FNH:3
FNDA:36,SearchBar
FNDA:6,(anonymous_1)
FNDA:8,(anonymous_2)
DA:6,36
DA:13,36
DA:14,36
DA:15,6
DA:19,36
DA:20,8
DA:21,4
DA:22,4
DA:23,4
DA:24,4
DA:28,36
LF:11
LH:11
BRDA:20,0,0,4
BRDA:20,0,1,4
BRDA:22,1,0,4
BRDA:22,1,1,0
BRF:4
BRH:3
end_of_record
TN:
SF:src/components/SuggestionCard.jsx
FN:4,SuggestionCard
FNF:1
FNH:0
FNDA:0,SuggestionCard
DA:5,0
DA:14,1
LF:2
LH:1
BRF:0
BRH:0
end_of_record
TN:
SF:src/helpers/mocksAll.js
FNF:0
FNH:0
DA:1,0
DA:65,0
LF:2
LH:0
BRF:0
BRH:0
end_of_record
TN:
SF:src/helpers/renderWithRouter.js
FN:6,(anonymous_0)
FNF:1
FNH:1
FNDA:2,(anonymous_0)
DA:6,1
DA:7,2
DA:8,2
LF:3
LH:3
BRDA:6,0,0,0
BRF:1
BRH:0
end_of_record
TN:
SF:src/pages/DoneRecipes.jsx
FN:7,DoneRecipes
FN:26,(anonymous_1)
FNF:2
FNH:0
FNDA:0,DoneRecipes
FNDA:0,(anonymous_1)
DA:10,0
DA:16,0
DA:17,0
DA:27,0
DA:55,1
LF:5
LH:1
BRF:0
BRH:0
end_of_record
TN:
SF:src/pages/Drinks.jsx
FN:10,Drinks
FN:24,(anonymous_1)
FN:26,(anonymous_2)
FN:33,(anonymous_3)
FN:36,(anonymous_4)
FN:43,(anonymous_5)
FN:61,(anonymous_6)
FN:62,(anonymous_7)
FN:73,(anonymous_8)
FN:82,(anonymous_9)
FN:90,(anonymous_10)
FN:106,(anonymous_11)
FNF:12
FNH:9
FNDA:26,Drinks
FNDA:4,(anonymous_1)
FNDA:4,(anonymous_2)
FNDA:0,(anonymous_3)
FNDA:0,(anonymous_4)
FNDA:0,(anonymous_5)
FNDA:2,(anonymous_6)
FNDA:2,(anonymous_7)
FNDA:450,(anonymous_8)
FNDA:475,(anonymous_9)
FNDA:108,(anonymous_10)
FNDA:228,(anonymous_11)
DA:11,26
DA:12,25
DA:13,25
DA:14,25
DA:18,25
DA:19,25
DA:20,25
DA:21,25
DA:22,25
DA:24,25
DA:25,4
DA:26,4
DA:27,4
DA:33,25
DA:34,0
DA:35,0
DA:36,0
DA:37,0
DA:41,0
DA:42,0
DA:43,0
DA:44,0
DA:50,0
DA:51,0
DA:55,0
DA:56,0
DA:61,25
DA:62,2
DA:63,2
DA:64,2
DA:65,2
DA:69,2
DA:72,25
DA:73,18
DA:74,450
DA:75,90
DA:78,18
DA:81,23
DA:82,19
DA:83,475
DA:87,23
DA:91,108
DA:107,228
LF:43
LH:31
BRDA:34,0,0,0
BRDA:34,0,1,0
BRDA:41,1,0,0
BRDA:41,1,1,0
BRDA:72,2,0,18
BRDA:72,2,1,5
BRDA:74,3,0,90
BRDA:74,3,1,360
BRDA:81,4,0,19
BRDA:81,4,1,4
BRDA:83,5,0,228
BRDA:83,5,1,247
BRDA:90,6,0,23
BRDA:90,6,1,18
BRDA:102,7,0,23
BRDA:102,7,1,4
BRDA:104,8,0,0
BRDA:104,8,1,23
BRDA:104,9,0,23
BRDA:104,9,1,0
BRF:20
BRH:14
end_of_record
TN:
SF:src/pages/FavoriteRecipes.jsx
FN:4,FavoriteRecipes
FNF:1
FNH:0
FNDA:0,FavoriteRecipes
DA:5,0
LF:1
LH:0
BRF:0
BRH:0
end_of_record
TN:
SF:src/pages/Login.jsx
FN:5,Login
FN:41,(anonymous_1)
FNF:2
FNH:0
FNDA:0,Login
FNDA:0,(anonymous_1)
DA:11,0
DA:13,0
DA:42,0
DA:43,0
DA:52,1
LF:5
LH:1
BRF:0
BRH:0
end_of_record
TN:
SF:src/pages/Meals.jsx
FN:10,Meals
FN:24,(anonymous_1)
FN:26,(anonymous_2)
FN:33,(anonymous_3)
FN:36,(anonymous_4)
FN:43,(anonymous_5)
FN:62,(anonymous_6)
FN:71,(anonymous_7)
FN:76,(anonymous_8)
FN:77,(anonymous_9)
FN:91,(anonymous_10)
FN:109,(anonymous_11)
FNF:12
FNH:9
FNDA:28,Meals
FNDA:4,(anonymous_1)
FNDA:4,(anonymous_2)
FNDA:0,(anonymous_3)
FNDA:0,(anonymous_4)
FNDA:0,(anonymous_5)
FNDA:500,(anonymous_6)
FNDA:525,(anonymous_7)
FNDA:2,(anonymous_8)
FNDA:2,(anonymous_9)
FNDA:120,(anonymous_10)
FNDA:252,(anonymous_11)
DA:11,28
DA:12,27
DA:13,27
DA:14,27
DA:18,27
DA:19,27
DA:20,27
DA:21,27
DA:22,27
DA:24,27
DA:25,4
DA:26,4
DA:27,4
DA:33,27
DA:34,0
DA:35,0
DA:36,0
DA:37,0
DA:41,0
DA:42,0
DA:43,0
DA:44,0
DA:50,0
DA:51,0
DA:55,0
DA:61,27
DA:62,20
DA:63,500
DA:64,100
DA:67,20
DA:70,25
DA:71,25
DA:72,525
DA:76,25
DA:77,2
DA:78,2
DA:79,2
DA:80,2
DA:84,2
DA:87,25
DA:92,120
DA:110,252
LF:42
LH:31
BRDA:34,0,0,0
BRDA:34,0,1,0
BRDA:41,1,0,0
BRDA:41,1,1,0
BRDA:61,2,0,20
BRDA:61,2,1,5
BRDA:63,3,0,100
BRDA:63,3,1,400
BRDA:70,4,0,25
BRDA:70,4,1,0
BRDA:72,5,0,252
BRDA:72,5,1,273
BRDA:91,6,0,25
BRDA:91,6,1,20
BRDA:104,7,0,25
BRDA:104,7,1,4
BRDA:107,8,0,0
BRDA:107,8,1,25
BRDA:107,9,0,25
BRDA:107,9,1,0
BRF:20
BRH:13
end_of_record
TN:
SF:src/pages/Profile.jsx
FN:7,Profile
FN:14,(anonymous_1)
FN:23,(anonymous_2)
FN:35,(anonymous_3)
FN:42,(anonymous_4)
FN:49,(anonymous_5)
FNF:6
FNH:0
FNDA:0,Profile
FNDA:0,(anonymous_1)
FNDA:0,(anonymous_2)
FNDA:0,(anonymous_3)
FNDA:0,(anonymous_4)
FNDA:0,(anonymous_5)
DA:11,0
DA:13,0
DA:14,0
DA:15,0
DA:19,0
DA:20,0
DA:23,0
DA:25,0
DA:35,0
DA:42,0
DA:49,0
LF:11
LH:0
BRDA:23,0,0,0
BRDA:23,0,1,0
BRF:2
BRH:0
end_of_record
TN:
SF:src/pages/RecipeDetails.jsx
FN:17,RecipeDetails
FN:35,(anonymous_1)
FN:36,(anonymous_2)
FN:40,(anonymous_3)
FN:41,(anonymous_4)
FN:49,(anonymous_5)
FN:50,(anonymous_6)
FN:57,(anonymous_7)
FN:61,(anonymous_8)
FN:68,(anonymous_9)
FN:82,(anonymous_10)
FN:87,(anonymous_11)
FN:88,(anonymous_12)
FN:90,(anonymous_13)
FN:96,(anonymous_14)
FN:98,(anonymous_15)
FN:103,(anonymous_16)
FN:104,(anonymous_17)
FN:120,(anonymous_18)
FN:168,(anonymous_19)
FN:195,(anonymous_20)
FN:209,(anonymous_21)
FNF:22
FNH:0
FNDA:0,RecipeDetails
FNDA:0,(anonymous_1)
FNDA:0,(anonymous_2)
FNDA:0,(anonymous_3)
FNDA:0,(anonymous_4)
FNDA:0,(anonymous_5)
FNDA:0,(anonymous_6)
FNDA:0,(anonymous_7)
FNDA:0,(anonymous_8)
FNDA:0,(anonymous_9)
FNDA:0,(anonymous_10)
FNDA:0,(anonymous_11)
FNDA:0,(anonymous_12)
FNDA:0,(anonymous_13)
FNDA:0,(anonymous_14)
FNDA:0,(anonymous_15)
FNDA:0,(anonymous_16)
FNDA:0,(anonymous_17)
FNDA:0,(anonymous_18)
FNDA:0,(anonymous_19)
FNDA:0,(anonymous_20)
FNDA:0,(anonymous_21)
DA:18,0
DA:24,0
DA:25,0
DA:26,0
DA:27,0
DA:28,0
DA:29,0
DA:30,0
DA:31,0
DA:32,0
DA:33,0
DA:34,0
DA:35,0
DA:36,0
DA:37,0
DA:40,0
DA:41,0
DA:46,0
DA:49,0
DA:50,0
DA:57,0
DA:58,0
DA:59,0
DA:61,0
DA:62,0
DA:63,0
DA:65,0
DA:68,0
DA:69,0
DA:70,0
DA:72,0
DA:74,0
DA:76,0
DA:79,0
DA:82,0
DA:83,0
DA:84,0
DA:87,0
DA:88,0
DA:89,0
DA:90,0
DA:96,0
DA:97,0
DA:98,0
DA:100,0
DA:103,0
DA:104,0
DA:105,0
DA:106,0
DA:107,0
DA:108,0
DA:111,0
DA:114,0
DA:115,0
DA:116,0
DA:117,0
DA:120,0
DA:125,0
DA:128,0
DA:169,0
DA:196,0
DA:210,0
DA:211,0
DA:223,0
DA:224,0
DA:237,0
DA:244,1
LF:67
LH:1
BRDA:37,0,0,0
BRDA:37,0,1,0
BRDA:37,1,0,0
BRDA:37,1,1,0
BRDA:37,1,2,0
BRDA:37,1,3,0
BRDA:46,2,0,0
BRDA:46,2,1,0
BRDA:46,3,0,0
BRDA:46,3,1,0
BRDA:46,3,2,0
BRDA:46,3,3,0
BRDA:62,4,0,0
BRDA:62,4,1,0
BRDA:69,5,0,0
BRDA:69,5,1,0
BRDA:70,6,0,0
BRDA:70,6,1,0
BRDA:70,7,0,0
BRDA:70,7,1,0
BRDA:74,8,0,0
BRDA:74,8,1,0
BRDA:74,9,0,0
BRDA:74,9,1,0
BRDA:83,10,0,0
BRDA:83,10,1,0
BRDA:89,11,0,0
BRDA:89,11,1,0
BRDA:105,12,0,0
BRDA:105,12,1,0
BRDA:114,13,0,0
BRDA:114,13,1,0
BRDA:132,14,0,0
BRDA:132,14,1,0
BRDA:139,15,0,0
BRDA:139,15,1,0
BRDA:158,16,0,0
BRDA:158,16,1,0
BRDA:168,17,0,0
BRDA:168,17,1,0
BRDA:195,18,0,0
BRDA:195,18,1,0
BRDA:209,19,0,0
BRDA:209,19,1,0
BRDA:210,20,0,0
BRDA:210,20,1,0
BRDA:223,21,0,0
BRDA:223,21,1,0
BRF:48
BRH:0
end_of_record
TN:
SF:src/pages/RecipeInProgress.jsx
FN:11,RecipeInProgress
FN:20,(anonymous_1)
FN:22,(anonymous_2)
FN:26,(anonymous_3)
FN:40,(anonymous_4)
FN:56,(anonymous_5)
FN:61,(anonymous_6)
FN:65,(anonymous_7)
FN:66,(anonymous_8)
FN:72,(anonymous_9)
FN:95,(anonymous_10)
FN:99,(anonymous_11)
FN:104,(anonymous_12)
FN:138,(anonymous_13)
FN:161,(anonymous_14)
FN:177,(anonymous_15)
FN:201,(anonymous_16)
FNF:17
FNH:0
FNDA:0,RecipeInProgress
FNDA:0,(anonymous_1)
FNDA:0,(anonymous_2)
FNDA:0,(anonymous_3)
FNDA:0,(anonymous_4)
FNDA:0,(anonymous_5)
FNDA:0,(anonymous_6)
FNDA:0,(anonymous_7)
FNDA:0,(anonymous_8)
FNDA:0,(anonymous_9)
FNDA:0,(anonymous_10)
FNDA:0,(anonymous_11)
FNDA:0,(anonymous_12)
FNDA:0,(anonymous_13)
FNDA:0,(anonymous_14)
FNDA:0,(anonymous_15)
FNDA:0,(anonymous_16)
DA:9,1
DA:10,1
DA:12,0
DA:13,0
DA:14,0
DA:15,0
DA:16,0
DA:17,0
DA:20,0
DA:21,0
DA:22,0
DA:23,0
DA:26,0
DA:27,0
DA:28,0
DA:33,0
DA:40,0
DA:41,0
DA:42,0
DA:43,0
DA:44,0
DA:47,0
DA:48,0
DA:49,0
DA:50,0
DA:56,0
DA:57,0
DA:58,0
DA:61,0
DA:62,0
DA:65,0
DA:66,0
DA:72,0
DA:73,0
DA:74,0
DA:75,0
DA:82,0
DA:83,0
DA:84,0
DA:92,0
DA:95,0
DA:96,0
DA:99,0
DA:100,0
DA:101,0
DA:104,0
DA:105,0
DA:107,0
DA:139,0
DA:161,0
DA:178,0
DA:201,0
DA:213,1
LF:53
LH:3
BRDA:21,0,0,0
BRDA:21,0,1,0
BRDA:23,1,0,0
BRDA:23,1,1,0
BRDA:23,2,0,0
BRDA:23,2,1,0
BRDA:23,2,2,0
BRDA:27,3,0,0
BRDA:27,3,1,0
BRDA:41,4,0,0
BRDA:41,4,1,0
BRDA:47,5,0,0
BRDA:47,5,1,0
BRDA:73,6,0,0
BRDA:73,6,1,0
BRDA:82,7,0,0
BRDA:82,7,1,0
BRDA:117,8,0,0
BRDA:117,8,1,0
BRDA:126,9,0,0
BRDA:126,9,1,0
BRDA:127,10,0,0
BRDA:127,10,1,0
BRDA:138,11,0,0
BRDA:138,11,1,0
BRDA:151,12,0,0
BRDA:151,12,1,0
BRDA:160,13,0,0
BRDA:160,13,1,0
BRDA:177,14,0,0
BRDA:177,14,1,0
BRDA:190,15,0,0
BRDA:190,15,1,0
BRDA:200,16,0,0
BRDA:200,16,1,0
BRF:35
BRH:0
end_of_record
TN:
SF:src/services/fetchById.js
FN:4,(anonymous_0)
FN:14,(anonymous_1)
FNF:2
FNH:0
FNDA:0,(anonymous_0)
FNDA:0,(anonymous_1)
DA:1,1
DA:2,1
DA:4,1
DA:5,0
DA:6,0
DA:7,0
DA:8,0
DA:10,0
DA:14,1
DA:15,0
DA:16,0
DA:17,0
DA:18,0
DA:20,0
LF:14
LH:4
BRF:0
BRH:0
end_of_record
TN:
SF:src/services/fetchCategories.js
FN:4,(anonymous_0)
FN:14,(anonymous_1)
FN:24,(anonymous_2)
FNF:3
FNH:1
FNDA:4,(anonymous_0)
FNDA:0,(anonymous_1)
FNDA:0,(anonymous_2)
DA:1,1
DA:2,1
DA:4,1
DA:5,4
DA:6,4
DA:7,4
DA:8,4
DA:10,0
DA:14,1
DA:15,0
DA:16,0
DA:17,0
DA:18,0
DA:20,0
DA:24,1
DA:25,0
DA:26,0
DA:27,0
DA:28,0
DA:30,0
LF:20
LH:9
BRF:0
BRH:0
end_of_record
TN:
SF:src/services/fetchDrinks.js
FN:5,(anonymous_0)
FN:15,(anonymous_1)
FN:25,(anonymous_2)
FNF:3
FNH:2
FNDA:5,(anonymous_0)
FNDA:0,(anonymous_1)
FNDA:1,(anonymous_2)
DA:1,1
DA:2,1
DA:3,1
DA:5,1
DA:6,5
DA:7,5
DA:8,5
DA:9,5
DA:11,0
DA:15,1
DA:16,0
DA:17,0
DA:18,0
DA:19,0
DA:21,0
DA:25,1
DA:26,1
DA:27,1
DA:28,1
DA:29,1
DA:31,0
LF:21
LH:14
BRF:0
BRH:0
end_of_record
TN:
SF:src/services/fetchMeals.js
FN:5,(anonymous_0)
FN:7,(anonymous_1)
FN:9,(anonymous_2)
FN:11,(anonymous_3)
FN:13,(anonymous_4)
FN:15,(anonymous_5)
FNF:6
FNH:4
FNDA:5,(anonymous_0)
FNDA:5,(anonymous_1)
FNDA:0,(anonymous_2)
FNDA:0,(anonymous_3)
FNDA:1,(anonymous_4)
FNDA:1,(anonymous_5)
DA:1,1
DA:2,1
DA:3,1
DA:5,5
DA:7,5
DA:9,1
DA:11,0
DA:13,1
DA:15,1
LF:9
LH:8
BRF:0
BRH:0
end_of_record
TN:
SF:src/services/fetchSuggestions.js
FN:4,(anonymous_0)
FN:14,(anonymous_1)
FNF:2
FNH:0
FNDA:0,(anonymous_0)
FNDA:0,(anonymous_1)
DA:1,1
DA:2,1
DA:4,1
DA:5,0
DA:6,0
DA:7,0
DA:8,0
DA:10,0
DA:14,1
DA:15,0
DA:16,0
DA:17,0
DA:18,0
DA:20,0
LF:14
LH:4
BRF:0
BRH:0
end_of_record
